INST FloodIt__GC0 PIN 2091: INST NON_GENOME PIN 42 TYPE 5
INST FloodIt__GC0 PIN 2092: INST NON_GENOME PIN 43 TYPE 5
INST FloodIt__GC0 PIN 2093: INST NON_GENOME PIN 44 TYPE 5
INST FloodIt__GC0 PIN 2094: INST NON_GENOME PIN 45 TYPE 5
INST FloodIt__GC0 PIN 2095: INST NON_GENOME PIN 46 TYPE 5
INST FloodIt__GC0 PIN 2096: INST NON_GENOME PIN 47 TYPE 5
INST FloodIt__GC0 PIN 2097: INST NON_GENOME PIN 48 TYPE 5
INST FloodIt__GC0 PIN 2098: INST NON_GENOME PIN 49 TYPE 5
INST game_logic__GB3 PIN 3: INST game_logic__GB5 PIN 2181 TYPE 0 INST game_logic__GB4 PIN 427 TYPE 0 INST game_logic__GB2 PIN 202 TYPE 0 INST game_logic__GB1 PIN 167 TYPE 0 INST game_logic__GB0 PIN 1345 TYPE 0 GENOME game_logic__GB3 PIN 3
INST game_logic__GB3 PIN 4: INST game_logic__GB5 PIN 2182 TYPE 0 INST game_logic__GB4 PIN 428 TYPE 0 INST game_logic__GB2 PIN 203 TYPE 0 INST game_logic__GB1 PIN 168 TYPE 0 INST game_logic__GB0 PIN 1346 TYPE 0 GENOME game_logic__GB3 PIN 4
INST game_logic__GB3 PIN 5: INST game_logic__GB5 PIN 2183 TYPE 0 INST game_logic__GB4 PIN 429 TYPE 0 INST game_logic__GB2 PIN 204 TYPE 0 INST game_logic__GB1 PIN 169 TYPE 0 INST game_logic__GB0 PIN 1347 TYPE 0 GENOME game_logic__GB3 PIN 5
INST game_logic__GB3 PIN 6: INST game_logic__GB5 PIN 2184 TYPE 0 INST game_logic__GB4 PIN 430 TYPE 0 INST game_logic__GB2 PIN 205 TYPE 0 INST game_logic__GB1 PIN 170 TYPE 0 INST game_logic__GB0 PIN 1348 TYPE 0 GENOME game_logic__GB3 PIN 6
INST game_logic__GB3 PIN 7: INST game_logic__GB5 PIN 2185 TYPE 0 INST game_logic__GB4 PIN 431 TYPE 0 INST game_logic__GB2 PIN 206 TYPE 0 INST game_logic__GB1 PIN 171 TYPE 0 INST game_logic__GB0 PIN 1349 TYPE 0 GENOME game_logic__GB3 PIN 7
INST game_logic__GB3 PIN 8: INST game_logic__GB5 PIN 2186 TYPE 0 INST game_logic__GB4 PIN 432 TYPE 0 INST game_logic__GB2 PIN 207 TYPE 0 INST game_logic__GB1 PIN 172 TYPE 0 INST game_logic__GB0 PIN 1350 TYPE 0 GENOME game_logic__GB3 PIN 8
INST game_logic__GB3 PIN 9: INST game_logic__GB5 PIN 2187 TYPE 0 INST game_logic__GB4 PIN 433 TYPE 0 INST game_logic__GB2 PIN 208 TYPE 0 INST game_logic__GB1 PIN 173 TYPE 0 INST game_logic__GB0 PIN 1351 TYPE 0 GENOME game_logic__GB3 PIN 9
INST game_logic__GB3 PIN 10: INST game_logic__GB5 PIN 2188 TYPE 0 INST game_logic__GB4 PIN 434 TYPE 0 INST game_logic__GB2 PIN 209 TYPE 0 INST game_logic__GB1 PIN 174 TYPE 0 INST game_logic__GB0 PIN 1352 TYPE 0 GENOME game_logic__GB3 PIN 10
INST game_logic__GB3 PIN 11: INST game_logic__GB5 PIN 2189 TYPE 0 INST game_logic__GB4 PIN 435 TYPE 0 INST game_logic__GB2 PIN 210 TYPE 0 INST game_logic__GB1 PIN 175 TYPE 0 INST game_logic__GB0 PIN 1353 TYPE 0 GENOME game_logic__GB3 PIN 11
INST game_logic__GB3 PIN 12: INST game_logic__GB5 PIN 2190 TYPE 0 INST game_logic__GB4 PIN 436 TYPE 0 INST game_logic__GB2 PIN 211 TYPE 0 INST game_logic__GB1 PIN 176 TYPE 0 INST game_logic__GB0 PIN 1354 TYPE 0 GENOME game_logic__GB3 PIN 12
INST game_logic__GB3 PIN 13: INST game_logic__GB5 PIN 2191 TYPE 0 INST game_logic__GB4 PIN 437 TYPE 0 INST game_logic__GB2 PIN 212 TYPE 0 INST game_logic__GB1 PIN 177 TYPE 0 INST game_logic__GB0 PIN 1355 TYPE 0 GENOME game_logic__GB3 PIN 13
INST game_logic__GB3 PIN 14: INST game_logic__GB5 PIN 2192 TYPE 0 INST game_logic__GB4 PIN 438 TYPE 0 INST game_logic__GB2 PIN 213 TYPE 0 INST game_logic__GB1 PIN 178 TYPE 0 INST game_logic__GB0 PIN 1356 TYPE 0 GENOME game_logic__GB3 PIN 14
INST game_logic__GB3 PIN 15: INST game_logic__GB5 PIN 2193 TYPE 0 INST game_logic__GB4 PIN 439 TYPE 0 INST game_logic__GB2 PIN 214 TYPE 0 INST game_logic__GB1 PIN 179 TYPE 0 INST game_logic__GB0 PIN 1357 TYPE 0 GENOME game_logic__GB3 PIN 15
INST game_logic__GB3 PIN 16: INST game_logic__GB5 PIN 2194 TYPE 0 INST game_logic__GB4 PIN 440 TYPE 0 INST game_logic__GB2 PIN 215 TYPE 0 INST game_logic__GB1 PIN 180 TYPE 0 INST game_logic__GB0 PIN 1358 TYPE 0 GENOME game_logic__GB3 PIN 16
INST game_logic__GB3 PIN 17: INST game_logic__GB5 PIN 2195 TYPE 0 INST game_logic__GB4 PIN 441 TYPE 0 INST game_logic__GB2 PIN 216 TYPE 0 INST game_logic__GB1 PIN 181 TYPE 0 INST game_logic__GB0 PIN 1359 TYPE 0 GENOME game_logic__GB3 PIN 17
INST game_logic__GB3 PIN 18: INST game_logic__GB5 PIN 2196 TYPE 0 INST game_logic__GB4 PIN 442 TYPE 0 INST game_logic__GB2 PIN 217 TYPE 0 INST game_logic__GB1 PIN 182 TYPE 0 INST game_logic__GB0 PIN 1360 TYPE 0 GENOME game_logic__GB3 PIN 18
INST game_logic__GB3 PIN 19: INST game_logic__GB5 PIN 2197 TYPE 0 INST game_logic__GB4 PIN 443 TYPE 0 INST game_logic__GB2 PIN 218 TYPE 0 INST game_logic__GB1 PIN 183 TYPE 0 INST game_logic__GB0 PIN 1361 TYPE 0 GENOME game_logic__GB3 PIN 19
INST game_logic__GB3 PIN 20: INST game_logic__GB5 PIN 2198 TYPE 0 INST game_logic__GB4 PIN 444 TYPE 0 INST game_logic__GB2 PIN 219 TYPE 0 INST game_logic__GB1 PIN 184 TYPE 0 INST game_logic__GB0 PIN 1362 TYPE 0 GENOME game_logic__GB3 PIN 20
INST game_logic__GB3 PIN 21: INST game_logic__GB5 PIN 2199 TYPE 0 INST game_logic__GB4 PIN 445 TYPE 0 INST game_logic__GB2 PIN 220 TYPE 0 INST game_logic__GB1 PIN 185 TYPE 0 INST game_logic__GB0 PIN 1363 TYPE 0 GENOME game_logic__GB3 PIN 21
INST game_logic__GB3 PIN 22: INST game_logic__GB5 PIN 2200 TYPE 0 INST game_logic__GB4 PIN 446 TYPE 0 INST game_logic__GB2 PIN 221 TYPE 0 INST game_logic__GB1 PIN 186 TYPE 0 INST game_logic__GB0 PIN 1364 TYPE 0 GENOME game_logic__GB3 PIN 22
INST game_logic__GB3 PIN 23: INST game_logic__GB5 PIN 2201 TYPE 0 INST game_logic__GB4 PIN 447 TYPE 0 INST game_logic__GB2 PIN 222 TYPE 0 INST game_logic__GB1 PIN 187 TYPE 0 INST game_logic__GB0 PIN 1365 TYPE 0 GENOME game_logic__GB3 PIN 23
INST game_logic__GB3 PIN 24: INST game_logic__GB5 PIN 2202 TYPE 0 INST game_logic__GB4 PIN 448 TYPE 0 INST game_logic__GB2 PIN 223 TYPE 0 INST game_logic__GB1 PIN 188 TYPE 0 INST game_logic__GB0 PIN 1366 TYPE 0 GENOME game_logic__GB3 PIN 24
INST game_logic__GB3 PIN 25: INST game_logic__GB5 PIN 2203 TYPE 0 INST game_logic__GB4 PIN 449 TYPE 0 INST game_logic__GB2 PIN 224 TYPE 0 INST game_logic__GB1 PIN 189 TYPE 0 INST game_logic__GB0 PIN 1367 TYPE 0 GENOME game_logic__GB3 PIN 25
INST game_logic__GB3 PIN 26: INST game_logic__GB5 PIN 2204 TYPE 0 INST game_logic__GB4 PIN 450 TYPE 0 INST game_logic__GB2 PIN 225 TYPE 0 INST game_logic__GB1 PIN 190 TYPE 0 INST game_logic__GB0 PIN 1368 TYPE 0 GENOME game_logic__GB3 PIN 26
INST game_logic__GB3 PIN 27: INST game_logic__GB5 PIN 2205 TYPE 0 INST game_logic__GB4 PIN 451 TYPE 0 INST game_logic__GB2 PIN 226 TYPE 0 INST game_logic__GB1 PIN 191 TYPE 0 INST game_logic__GB0 PIN 1369 TYPE 0 GENOME game_logic__GB3 PIN 27
INST game_logic__GB3 PIN 28: INST game_logic__GB5 PIN 2206 TYPE 0 INST game_logic__GB4 PIN 452 TYPE 0 INST game_logic__GB2 PIN 227 TYPE 0 INST game_logic__GB1 PIN 192 TYPE 0 INST game_logic__GB0 PIN 1370 TYPE 0 GENOME game_logic__GB3 PIN 28
INST game_logic__GB3 PIN 40: INST game_logic__GB5 PIN 2212 TYPE 0 INST game_logic__GB4 PIN 461 TYPE 0 GENOME game_logic__GB3 PIN 40
INST game_logic__GB3 PIN 41: INST game_logic__GB5 PIN 2213 TYPE 0 INST game_logic__GB4 PIN 462 TYPE 0 GENOME game_logic__GB3 PIN 41
INST game_logic__GB3 PIN 42: INST game_logic__GB5 PIN 2214 TYPE 0 INST game_logic__GB4 PIN 463 TYPE 0 GENOME game_logic__GB3 PIN 42
INST game_logic__GB3 PIN 43: INST game_logic__GB5 PIN 2215 TYPE 0 INST game_logic__GB4 PIN 464 TYPE 0 GENOME game_logic__GB3 PIN 43
INST game_logic__GB3 PIN 44: INST game_logic__GB5 PIN 2216 TYPE 0 INST game_logic__GB4 PIN 465 TYPE 0 GENOME game_logic__GB3 PIN 44
INST game_logic__GB3 PIN 45: INST game_logic__GB5 PIN 2217 TYPE 0 INST game_logic__GB4 PIN 466 TYPE 0 GENOME game_logic__GB3 PIN 45
INST game_logic__GB3 PIN 46: INST game_logic__GB5 PIN 2218 TYPE 0 INST game_logic__GB4 PIN 467 TYPE 0 GENOME game_logic__GB3 PIN 46
INST game_logic__GB3 PIN 47: INST game_logic__GB5 PIN 2219 TYPE 0 INST game_logic__GB4 PIN 468 TYPE 0 GENOME game_logic__GB3 PIN 47
INST game_logic__GB3 PIN 48: INST game_logic__GB5 PIN 2220 TYPE 0 INST game_logic__GB4 PIN 469 TYPE 0 GENOME game_logic__GB3 PIN 48
INST game_logic__GB3 PIN 49: INST game_logic__GB5 PIN 2221 TYPE 0 INST game_logic__GB4 PIN 470 TYPE 0 GENOME game_logic__GB3 PIN 49
INST game_logic__GB3 PIN 50: INST game_logic__GB5 PIN 2222 TYPE 0 INST game_logic__GB4 PIN 471 TYPE 0 GENOME game_logic__GB3 PIN 50
INST game_logic__GB3 PIN 51: INST game_logic__GB5 PIN 2223 TYPE 0 INST game_logic__GB4 PIN 472 TYPE 0 GENOME game_logic__GB3 PIN 51
INST game_logic__GB3 PIN 52: INST game_logic__GB5 PIN 2224 TYPE 0 INST game_logic__GB4 PIN 473 TYPE 0 GENOME game_logic__GB3 PIN 52
INST game_logic__GB3 PIN 53: INST game_logic__GB5 PIN 2225 TYPE 0 INST game_logic__GB4 PIN 474 TYPE 0 GENOME game_logic__GB3 PIN 53
INST game_logic__GB3 PIN 54: INST game_logic__GB5 PIN 2226 TYPE 0 INST game_logic__GB4 PIN 475 TYPE 0 GENOME game_logic__GB3 PIN 54
INST game_logic__GB3 PIN 55: INST game_logic__GB5 PIN 2227 TYPE 0 INST game_logic__GB4 PIN 476 TYPE 0 GENOME game_logic__GB3 PIN 55
INST game_logic__GB3 PIN 56: INST game_logic__GB5 PIN 2228 TYPE 0 INST game_logic__GB4 PIN 477 TYPE 0 GENOME game_logic__GB3 PIN 56
INST game_logic__GB3 PIN 57: INST game_logic__GB5 PIN 2229 TYPE 0 INST game_logic__GB4 PIN 478 TYPE 0 GENOME game_logic__GB3 PIN 57
INST game_logic__GB3 PIN 58: INST game_logic__GB5 PIN 2230 TYPE 0 INST game_logic__GB4 PIN 479 TYPE 0 GENOME game_logic__GB3 PIN 58
INST game_logic__GB3 PIN 59: INST game_logic__GB5 PIN 2231 TYPE 0 INST game_logic__GB4 PIN 480 TYPE 0 GENOME game_logic__GB3 PIN 59
INST game_logic__GB3 PIN 60: INST game_logic__GB5 PIN 2232 TYPE 0 INST game_logic__GB4 PIN 481 TYPE 0 GENOME game_logic__GB3 PIN 60
INST game_logic__GB3 PIN 61: INST game_logic__GB5 PIN 2233 TYPE 0 INST game_logic__GB4 PIN 482 TYPE 0 GENOME game_logic__GB3 PIN 61
INST game_logic__GB3 PIN 62: INST game_logic__GB5 PIN 2234 TYPE 0 INST game_logic__GB4 PIN 483 TYPE 0 GENOME game_logic__GB3 PIN 62
INST game_logic__GB3 PIN 63: INST game_logic__GB5 PIN 2235 TYPE 0 INST game_logic__GB4 PIN 484 TYPE 0 GENOME game_logic__GB3 PIN 63
INST game_logic__GB3 PIN 64: INST game_logic__GB5 PIN 2236 TYPE 0 INST game_logic__GB4 PIN 485 TYPE 0 GENOME game_logic__GB3 PIN 64
INST game_logic__GB3 PIN 65: INST game_logic__GB5 PIN 2237 TYPE 0 INST game_logic__GB4 PIN 486 TYPE 0 GENOME game_logic__GB3 PIN 65
INST game_logic__GB3 PIN 66: INST game_logic__GB5 PIN 2238 TYPE 0 INST game_logic__GB4 PIN 487 TYPE 0 GENOME game_logic__GB3 PIN 66
INST game_logic__GB4 PIN 45: INST game_logic__GB4 PIN 47 TYPE 2 INST game_logic__GB3 PIN 202 TYPE 4 INST game_logic__GB2 PIN 252 TYPE 4
INST game_logic__GB4 PIN 15: INST game_logic__GB4 PIN 134 TYPE 2 INST game_logic__GB3 PIN 204 TYPE 4 INST game_logic__GB0 PIN 1520 TYPE 4
INST game_logic__GB4 PIN 17: INST game_logic__GB4 PIN 19 TYPE 2 INST game_logic__GB3 PIN 206 TYPE 4 INST game_logic__GB0 PIN 1523 TYPE 4
INST game_logic__GB0 PIN 1387: INST game_logic__GB5 PIN 2099 TYPE 5
INST game_logic__GB0 PIN 1388: INST game_logic__GB5 PIN 2100 TYPE 5
INST game_logic__GB4 PIN 67: INST game_logic__GB4 PIN 84 TYPE 2 INST game_logic__GB2 PIN 241 TYPE 4 INST game_logic__GB0 PIN 1525 TYPE 4
INST game_logic__GB3 PIN 74: INST game_logic__GB3 PIN 75 TYPE 2 INST game_logic__GB2 PIN 251 TYPE 4 INST game_logic__GB1 PIN 201 TYPE 4 INST game_logic__GB0 PIN 1886 TYPE 4
INST game_logic__GB4 PIN 21: INST game_logic__GB4 PIN 79 TYPE 2 INST game_logic__GB1 PIN 199 TYPE 4 INST game_logic__GB0 PIN 1449 TYPE 4
INST game_logic__GB3 PIN 39: INST game_logic__GB3 PIN 72 TYPE 2 INST game_logic__GB1 PIN 202 TYPE 4 INST game_logic__GB0 PIN 1498 TYPE 4
INST game_logic__GB3 PIN 1: INST game_logic__GB3 PIN 35 TYPE 2 INST game_logic__GB1 PIN 204 TYPE 4 INST game_logic__GB0 PIN 1609 TYPE 4
INST game_logic__GB3 PIN 89: INST game_logic__GB3 PIN 91 TYPE 2 INST game_logic__GB1 PIN 205 TYPE 4 INST game_logic__GB0 PIN 1415 TYPE 4
INST game_logic__GB4 PIN 27: INST game_logic__GB4 PIN 58 TYPE 2 INST game_logic__GB1 PIN 207 TYPE 4 INST game_logic__GB0 PIN 1459 TYPE 4
INST game_logic__GB4 PIN 32: INST game_logic__GB4 PIN 34 TYPE 2 INST game_logic__GB0 PIN 1404 TYPE 4
INST game_logic__GB3 PIN 175: INST game_logic__GB3 PIN 191 TYPE 2 INST game_logic__GB0 PIN 1413 TYPE 4
INST game_logic__GB5 PIN 28: INST game_logic__GB5 PIN 32 TYPE 2 INST game_logic__GB0 PIN 1435 TYPE 4
INST game_logic__GB4 PIN 1: INST game_logic__GB4 PIN 5 TYPE 2 INST game_logic__GB0 PIN 1560 TYPE 4
INST game_logic__GB5 PIN 1: INST game_logic__GB5 PIN 3 TYPE 2 INST game_logic__GB0 PIN 1579 TYPE 4
INST game_logic__GB5 PIN 41: INST game_logic__GB5 PIN 47 TYPE 2 INST game_logic__GB0 PIN 1623 TYPE 4
INST game_logic__GB4 PIN 120: INST game_logic__GB4 PIN 146 TYPE 2 INST game_logic__GB0 PIN 1635 TYPE 4
INST game_logic__GB3 PIN 95: INST game_logic__GB3 PIN 167 TYPE 2 INST game_logic__GB0 PIN 1647 TYPE 4
INST game_logic__GB4 PIN 16: INST game_logic__GB4 PIN 89 TYPE 2 INST game_logic__GB0 PIN 1648 TYPE 4
INST game_logic__GB4 PIN 284: INST game_logic__GB4 PIN 385 TYPE 2 INST game_logic__GB0 PIN 1746 TYPE 4
INST game_logic__GB4 PIN 276: INST game_logic__GB4 PIN 376 TYPE 2 INST game_logic__GB0 PIN 1753 TYPE 4
INST game_logic__GB5 PIN 0: INST game_logic__GB5 PIN 2016 TYPE 2 INST game_logic__GB0 PIN 1800 TYPE 4
INST game_logic__GB3 PIN 134: INST game_logic__GB3 PIN 141 TYPE 2 INST game_logic__GB0 PIN 1816 TYPE 4
INST game_logic__GB3 PIN 124: INST game_logic__GB3 PIN 129 TYPE 2 INST game_logic__GB0 PIN 1863 TYPE 4
INST game_logic__GB5 PIN 2136: INST game_logic__GB5 PIN 2139 TYPE 2 INST game_logic__GB0 PIN 1869 TYPE 4
INST game_logic__GB5 PIN 2117: INST game_logic__GB5 PIN 2123 TYPE 2 INST game_logic__GB0 PIN 1966 TYPE 4
INST game_logic__GB4 PIN 91: INST game_logic__GB4 PIN 175 TYPE 2 INST game_logic__GB0 PIN 2037 TYPE 4
INST game_logic__GB5 PIN 2096: INST game_logic__GB5 PIN 2106 TYPE 2 INST game_logic__GB0 PIN 2043 TYPE 4
INST game_logic__GB3 PIN 2: INST game_logic__GB5 PIN 2180 TYPE 0 INST game_logic__GB4 PIN 426 TYPE 0 INST game_logic__GB2 PIN 201 TYPE 0 INST game_logic__GB1 PIN 166 TYPE 0 INST game_logic__GB0 PIN 1344 TYPE 0 GENOME game_logic__GB3 PIN 2
INST FloodIt__GC0 PIN 10: INST game_logic__GB5 PIN 2248 TYPE 0 GENOME FloodIt__GC0 PIN 10
INST FloodIt__GC0 PIN 2070: INST FloodIt__GC0 PIN 2071 TYPE 2 INST NON_GENOME PIN 1 TYPE 4 INST FloodIt__GC0 PIN 2072 TYPE 2 INST NON_GENOME PIN 2 TYPE 4 INST FloodIt__GC0 PIN 2073 TYPE 2 INST NON_GENOME PIN 3 TYPE 4
INST FloodIt__GC0 PIN 2074: INST FloodIt__GC0 PIN 2075 TYPE 2 INST NON_GENOME PIN 5 TYPE 4 INST FloodIt__GC0 PIN 2076 TYPE 2 INST NON_GENOME PIN 6 TYPE 4 INST FloodIt__GC0 PIN 2077 TYPE 2 INST NON_GENOME PIN 7 TYPE 4
INST FloodIt__GC0 PIN 2079: INST FloodIt__GC0 PIN 2080 TYPE 2 INST NON_GENOME PIN 10 TYPE 4 INST FloodIt__GC0 PIN 2081 TYPE 2 INST NON_GENOME PIN 11 TYPE 4
INST FloodIt__GC0 PIN 2043: INST NON_GENOME PIN 14 TYPE 0 GENOME FloodIt__GC0 PIN 2043
INST FloodIt__GC0 PIN 2044: INST NON_GENOME PIN 15 TYPE 0 GENOME FloodIt__GC0 PIN 2044
INST FloodIt__GC0 PIN 2045: INST NON_GENOME PIN 16 TYPE 0 GENOME FloodIt__GC0 PIN 2045
INST FloodIt__GC0 PIN 2046: INST NON_GENOME PIN 17 TYPE 0 GENOME FloodIt__GC0 PIN 2046
INST FloodIt__GC0 PIN 2047: INST NON_GENOME PIN 18 TYPE 0 GENOME FloodIt__GC0 PIN 2047
INST FloodIt__GC0 PIN 2048: INST NON_GENOME PIN 19 TYPE 0 GENOME FloodIt__GC0 PIN 2048
INST FloodIt__GC0 PIN 2049: INST NON_GENOME PIN 20 TYPE 0 GENOME FloodIt__GC0 PIN 2049
INST FloodIt__GC0 PIN 2050: INST NON_GENOME PIN 21 TYPE 0 GENOME FloodIt__GC0 PIN 2050
INST FloodIt__GC0 PIN 2056: INST NON_GENOME PIN 27 TYPE 1 GENOME FloodIt__GC0 PIN 2056
INST FloodIt__GC0 PIN 2057: INST NON_GENOME PIN 28 TYPE 1 GENOME FloodIt__GC0 PIN 2057
INST FloodIt__GC0 PIN 2058: INST NON_GENOME PIN 29 TYPE 1 GENOME FloodIt__GC0 PIN 2058
INST game_logic__GB0 PIN 1344: GENOME game_logic__GB0 PIN 1344
INST game_logic__GB0 PIN 1345: GENOME game_logic__GB0 PIN 1345
INST game_logic__GB0 PIN 1346: GENOME game_logic__GB0 PIN 1346
INST game_logic__GB0 PIN 1347: GENOME game_logic__GB0 PIN 1347
INST game_logic__GB0 PIN 1348: GENOME game_logic__GB0 PIN 1348
INST game_logic__GB0 PIN 1349: GENOME game_logic__GB0 PIN 1349
INST game_logic__GB0 PIN 1350: GENOME game_logic__GB0 PIN 1350
INST game_logic__GB0 PIN 1351: GENOME game_logic__GB0 PIN 1351
INST game_logic__GB0 PIN 1352: GENOME game_logic__GB0 PIN 1352
INST game_logic__GB0 PIN 1353: GENOME game_logic__GB0 PIN 1353
INST game_logic__GB0 PIN 1354: GENOME game_logic__GB0 PIN 1354
INST game_logic__GB0 PIN 1355: GENOME game_logic__GB0 PIN 1355
INST game_logic__GB0 PIN 1356: GENOME game_logic__GB0 PIN 1356
INST game_logic__GB0 PIN 1357: GENOME game_logic__GB0 PIN 1357
INST game_logic__GB0 PIN 1358: GENOME game_logic__GB0 PIN 1358
INST game_logic__GB0 PIN 1359: GENOME game_logic__GB0 PIN 1359
INST game_logic__GB0 PIN 1360: GENOME game_logic__GB0 PIN 1360
INST game_logic__GB0 PIN 1361: GENOME game_logic__GB0 PIN 1361
INST game_logic__GB0 PIN 1362: GENOME game_logic__GB0 PIN 1362
INST game_logic__GB0 PIN 1363: GENOME game_logic__GB0 PIN 1363
INST game_logic__GB0 PIN 1364: GENOME game_logic__GB0 PIN 1364
INST game_logic__GB0 PIN 1365: GENOME game_logic__GB0 PIN 1365
INST game_logic__GB0 PIN 1366: GENOME game_logic__GB0 PIN 1366
INST game_logic__GB0 PIN 1367: GENOME game_logic__GB0 PIN 1367
INST game_logic__GB0 PIN 1368: GENOME game_logic__GB0 PIN 1368
INST game_logic__GB0 PIN 1369: GENOME game_logic__GB0 PIN 1369
INST game_logic__GB0 PIN 1370: GENOME game_logic__GB0 PIN 1370
INST game_logic__GB0 PIN 1404: GENOME game_logic__GB0 PIN 1404 INST game_logic__GB4 PIN 32 TYPE 5
INST game_logic__GB0 PIN 1402: GENOME game_logic__GB0 PIN 1402
INST game_logic__GB0 PIN 1472: GENOME game_logic__GB0 PIN 1472 INST game_logic__GB3 PIN 89 TYPE 5
INST game_logic__GB0 PIN 1415: GENOME game_logic__GB0 PIN 1415
INST game_logic__GB0 PIN 1497: GENOME game_logic__GB0 PIN 1497 INST game_logic__GB3 PIN 175 TYPE 5
INST game_logic__GB0 PIN 1413: GENOME game_logic__GB0 PIN 1413
INST game_logic__GB0 PIN 1512: GENOME game_logic__GB0 PIN 1512 INST game_logic__GB5 PIN 28 TYPE 5
INST game_logic__GB0 PIN 1435: GENOME game_logic__GB0 PIN 1435
INST game_logic__GB0 PIN 1523: GENOME game_logic__GB0 PIN 1523 INST game_logic__GB4 PIN 17 TYPE 5
INST game_logic__GB0 PIN 1521: GENOME game_logic__GB0 PIN 1521
INST game_logic__GB0 PIN 1525: GENOME game_logic__GB0 PIN 1525 INST game_logic__GB4 PIN 67 TYPE 5
INST game_logic__GB0 PIN 1443: GENOME game_logic__GB0 PIN 1443
INST game_logic__GB0 PIN 1530: GENOME game_logic__GB0 PIN 1530 INST game_logic__GB4 PIN 21 TYPE 5
INST game_logic__GB0 PIN 1449: GENOME game_logic__GB0 PIN 1449
INST game_logic__GB0 PIN 1538: GENOME game_logic__GB0 PIN 1538 INST game_logic__GB4 PIN 27 TYPE 5
INST game_logic__GB0 PIN 1459: GENOME game_logic__GB0 PIN 1459
INST game_logic__GB0 PIN 1568: GENOME game_logic__GB0 PIN 1568 INST game_logic__GB3 PIN 39 TYPE 5
INST game_logic__GB0 PIN 1498: GENOME game_logic__GB0 PIN 1498
INST game_logic__GB0 PIN 1579: GENOME game_logic__GB0 PIN 1579 INST game_logic__GB5 PIN 1 TYPE 5
INST game_logic__GB0 PIN 1434: GENOME game_logic__GB0 PIN 1434
INST game_logic__GB0 PIN 1581: GENOME game_logic__GB0 PIN 1581 INST game_logic__GB4 PIN 15 TYPE 5
INST game_logic__GB0 PIN 1520: GENOME game_logic__GB0 PIN 1520
INST game_logic__GB0 PIN 1609: GENOME game_logic__GB0 PIN 1609 INST game_logic__GB3 PIN 1 TYPE 5
INST game_logic__GB0 PIN 1481: GENOME game_logic__GB0 PIN 1481
INST game_logic__GB0 PIN 1635: GENOME game_logic__GB0 PIN 1635 INST game_logic__GB4 PIN 120 TYPE 5
INST game_logic__GB0 PIN 1562: GENOME game_logic__GB0 PIN 1562
INST game_logic__GB0 PIN 1648: GENOME game_logic__GB0 PIN 1648 INST game_logic__GB4 PIN 16 TYPE 5
INST game_logic__GB0 PIN 1440: GENOME game_logic__GB0 PIN 1440
INST game_logic__GB0 PIN 1658: GENOME game_logic__GB0 PIN 1658 INST game_logic__GB5 PIN 41 TYPE 5
INST game_logic__GB0 PIN 1623: GENOME game_logic__GB0 PIN 1623
INST game_logic__GB0 PIN 1753: GENOME game_logic__GB0 PIN 1753 INST game_logic__GB4 PIN 276 TYPE 5
INST game_logic__GB0 PIN 1734: GENOME game_logic__GB0 PIN 1734
INST game_logic__GB0 PIN 1788: GENOME game_logic__GB0 PIN 1788 INST game_logic__GB4 PIN 284 TYPE 5
INST game_logic__GB0 PIN 1746: GENOME game_logic__GB0 PIN 1746
INST game_logic__GB0 PIN 1800: GENOME game_logic__GB0 PIN 1800 INST game_logic__GB5 PIN 0 TYPE 5
INST game_logic__GB0 PIN 1747: GENOME game_logic__GB0 PIN 1747
INST game_logic__GB0 PIN 1816: GENOME game_logic__GB0 PIN 1816 INST game_logic__GB3 PIN 134 TYPE 5
INST game_logic__GB0 PIN 1780: GENOME game_logic__GB0 PIN 1780
INST game_logic__GB0 PIN 1841: GENOME game_logic__GB0 PIN 1841 INST game_logic__GB4 PIN 1 TYPE 5
INST game_logic__GB0 PIN 1560: GENOME game_logic__GB0 PIN 1560
INST game_logic__GB0 PIN 1863: GENOME game_logic__GB0 PIN 1863 INST game_logic__GB3 PIN 124 TYPE 5
INST game_logic__GB0 PIN 1840: GENOME game_logic__GB0 PIN 1840
INST game_logic__GB0 PIN 1869: GENOME game_logic__GB0 PIN 1869 INST game_logic__GB5 PIN 2136 TYPE 5
INST game_logic__GB0 PIN 1852: GENOME game_logic__GB0 PIN 1852
INST game_logic__GB0 PIN 1886: GENOME game_logic__GB0 PIN 1886 INST game_logic__GB3 PIN 74 TYPE 5
INST game_logic__GB0 PIN 1500: GENOME game_logic__GB0 PIN 1500
INST game_logic__GB0 PIN 1966: GENOME game_logic__GB0 PIN 1966 INST game_logic__GB5 PIN 2117 TYPE 5
INST game_logic__GB0 PIN 1941: GENOME game_logic__GB0 PIN 1941
INST game_logic__GB0 PIN 2030: GENOME game_logic__GB0 PIN 2030 INST game_logic__GB3 PIN 95 TYPE 5
INST game_logic__GB0 PIN 1647: GENOME game_logic__GB0 PIN 1647
INST game_logic__GB0 PIN 2037: GENOME game_logic__GB0 PIN 2037 INST game_logic__GB4 PIN 91 TYPE 5
INST game_logic__GB0 PIN 1649: GENOME game_logic__GB0 PIN 1649
INST game_logic__GB0 PIN 2043: GENOME game_logic__GB0 PIN 2043 INST game_logic__GB5 PIN 2096 TYPE 5
INST game_logic__GB0 PIN 1810: GENOME game_logic__GB0 PIN 1810
GENOME NON_GENOME PIN 1402: GENOME NON_GENOME PIN 1404
GENOME NON_GENOME PIN 1404: GENOME NON_GENOME PIN 1402
GENOME NON_GENOME PIN 1415: GENOME NON_GENOME PIN 1472
GENOME NON_GENOME PIN 1472: GENOME NON_GENOME PIN 1415
GENOME NON_GENOME PIN 1413: GENOME NON_GENOME PIN 1497
GENOME NON_GENOME PIN 1497: GENOME NON_GENOME PIN 1413
GENOME NON_GENOME PIN 1435: GENOME NON_GENOME PIN 1512
GENOME NON_GENOME PIN 1512: GENOME NON_GENOME PIN 1435
GENOME NON_GENOME PIN 1521: GENOME NON_GENOME PIN 1523
GENOME NON_GENOME PIN 1523: GENOME NON_GENOME PIN 1521
GENOME NON_GENOME PIN 1443: GENOME NON_GENOME PIN 1525
GENOME NON_GENOME PIN 1525: GENOME NON_GENOME PIN 1443
GENOME NON_GENOME PIN 1449: GENOME NON_GENOME PIN 1530
GENOME NON_GENOME PIN 1530: GENOME NON_GENOME PIN 1449
GENOME NON_GENOME PIN 1459: GENOME NON_GENOME PIN 1538
GENOME NON_GENOME PIN 1538: GENOME NON_GENOME PIN 1459
GENOME NON_GENOME PIN 1498: GENOME NON_GENOME PIN 1568
GENOME NON_GENOME PIN 1568: GENOME NON_GENOME PIN 1498
GENOME NON_GENOME PIN 1434: GENOME NON_GENOME PIN 1579
GENOME NON_GENOME PIN 1579: GENOME NON_GENOME PIN 1434
GENOME NON_GENOME PIN 1520: GENOME NON_GENOME PIN 1581
GENOME NON_GENOME PIN 1581: GENOME NON_GENOME PIN 1520
GENOME NON_GENOME PIN 1481: GENOME NON_GENOME PIN 1609
GENOME NON_GENOME PIN 1609: GENOME NON_GENOME PIN 1481
GENOME NON_GENOME PIN 1562: GENOME NON_GENOME PIN 1635
GENOME NON_GENOME PIN 1635: GENOME NON_GENOME PIN 1562
GENOME NON_GENOME PIN 1440: GENOME NON_GENOME PIN 1648
GENOME NON_GENOME PIN 1648: GENOME NON_GENOME PIN 1440
GENOME NON_GENOME PIN 1623: GENOME NON_GENOME PIN 1658
GENOME NON_GENOME PIN 1658: GENOME NON_GENOME PIN 1623
GENOME NON_GENOME PIN 1734: GENOME NON_GENOME PIN 1753
GENOME NON_GENOME PIN 1753: GENOME NON_GENOME PIN 1734
GENOME NON_GENOME PIN 1746: GENOME NON_GENOME PIN 1788
GENOME NON_GENOME PIN 1788: GENOME NON_GENOME PIN 1746
GENOME NON_GENOME PIN 1747: GENOME NON_GENOME PIN 1800
GENOME NON_GENOME PIN 1800: GENOME NON_GENOME PIN 1747
GENOME NON_GENOME PIN 1780: GENOME NON_GENOME PIN 1816
GENOME NON_GENOME PIN 1816: GENOME NON_GENOME PIN 1780
GENOME NON_GENOME PIN 1560: GENOME NON_GENOME PIN 1841
GENOME NON_GENOME PIN 1841: GENOME NON_GENOME PIN 1560
GENOME NON_GENOME PIN 1840: GENOME NON_GENOME PIN 1863
GENOME NON_GENOME PIN 1863: GENOME NON_GENOME PIN 1840
GENOME NON_GENOME PIN 1852: GENOME NON_GENOME PIN 1869
GENOME NON_GENOME PIN 1869: GENOME NON_GENOME PIN 1852
GENOME NON_GENOME PIN 1500: GENOME NON_GENOME PIN 1886
GENOME NON_GENOME PIN 1886: GENOME NON_GENOME PIN 1500
GENOME NON_GENOME PIN 1941: GENOME NON_GENOME PIN 1966
GENOME NON_GENOME PIN 1966: GENOME NON_GENOME PIN 1941
GENOME NON_GENOME PIN 1647: GENOME NON_GENOME PIN 2030
GENOME NON_GENOME PIN 2030: GENOME NON_GENOME PIN 1647
GENOME NON_GENOME PIN 1649: GENOME NON_GENOME PIN 2037
GENOME NON_GENOME PIN 2037: GENOME NON_GENOME PIN 1649
GENOME NON_GENOME PIN 1810: GENOME NON_GENOME PIN 2043
GENOME NON_GENOME PIN 2043: GENOME NON_GENOME PIN 1810
INST game_logic__GB4 PIN 5: GENOME game_logic__GB4 PIN 5
INST game_logic__GB4 PIN 19: GENOME game_logic__GB4 PIN 19
INST game_logic__GB4 PIN 34: GENOME game_logic__GB4 PIN 34
INST game_logic__GB4 PIN 47: GENOME game_logic__GB4 PIN 47
INST game_logic__GB4 PIN 58: GENOME game_logic__GB4 PIN 58
INST game_logic__GB4 PIN 79: GENOME game_logic__GB4 PIN 79
INST game_logic__GB4 PIN 84: GENOME game_logic__GB4 PIN 84
INST game_logic__GB4 PIN 89: GENOME game_logic__GB4 PIN 89
INST game_logic__GB4 PIN 134: GENOME game_logic__GB4 PIN 134
INST game_logic__GB4 PIN 146: GENOME game_logic__GB4 PIN 146
INST game_logic__GB4 PIN 175: GENOME game_logic__GB4 PIN 175
INST game_logic__GB4 PIN 376: GENOME game_logic__GB4 PIN 376
INST game_logic__GB4 PIN 385: GENOME game_logic__GB4 PIN 385
INST game_logic__GB4 PIN 426: GENOME game_logic__GB4 PIN 426
INST game_logic__GB4 PIN 427: GENOME game_logic__GB4 PIN 427
INST game_logic__GB4 PIN 428: GENOME game_logic__GB4 PIN 428
INST game_logic__GB4 PIN 429: GENOME game_logic__GB4 PIN 429
INST game_logic__GB4 PIN 430: GENOME game_logic__GB4 PIN 430
INST game_logic__GB4 PIN 431: GENOME game_logic__GB4 PIN 431
INST game_logic__GB4 PIN 432: GENOME game_logic__GB4 PIN 432
INST game_logic__GB4 PIN 433: GENOME game_logic__GB4 PIN 433
INST game_logic__GB4 PIN 434: GENOME game_logic__GB4 PIN 434
INST game_logic__GB4 PIN 435: GENOME game_logic__GB4 PIN 435
INST game_logic__GB4 PIN 436: GENOME game_logic__GB4 PIN 436
INST game_logic__GB4 PIN 437: GENOME game_logic__GB4 PIN 437
INST game_logic__GB4 PIN 438: GENOME game_logic__GB4 PIN 438
INST game_logic__GB4 PIN 439: GENOME game_logic__GB4 PIN 439
INST game_logic__GB4 PIN 440: GENOME game_logic__GB4 PIN 440
INST game_logic__GB4 PIN 441: GENOME game_logic__GB4 PIN 441
INST game_logic__GB4 PIN 442: GENOME game_logic__GB4 PIN 442
INST game_logic__GB4 PIN 443: GENOME game_logic__GB4 PIN 443
INST game_logic__GB4 PIN 444: GENOME game_logic__GB4 PIN 444
INST game_logic__GB4 PIN 445: GENOME game_logic__GB4 PIN 445
INST game_logic__GB4 PIN 446: GENOME game_logic__GB4 PIN 446
INST game_logic__GB4 PIN 447: GENOME game_logic__GB4 PIN 447
INST game_logic__GB4 PIN 448: GENOME game_logic__GB4 PIN 448
INST game_logic__GB4 PIN 449: GENOME game_logic__GB4 PIN 449
INST game_logic__GB4 PIN 450: GENOME game_logic__GB4 PIN 450
INST game_logic__GB4 PIN 451: GENOME game_logic__GB4 PIN 451
INST game_logic__GB4 PIN 452: GENOME game_logic__GB4 PIN 452
INST game_logic__GB4 PIN 461: GENOME game_logic__GB4 PIN 461
INST game_logic__GB4 PIN 462: GENOME game_logic__GB4 PIN 462
INST game_logic__GB4 PIN 463: GENOME game_logic__GB4 PIN 463
INST game_logic__GB4 PIN 464: GENOME game_logic__GB4 PIN 464
INST game_logic__GB4 PIN 465: GENOME game_logic__GB4 PIN 465
INST game_logic__GB4 PIN 466: GENOME game_logic__GB4 PIN 466
INST game_logic__GB4 PIN 467: GENOME game_logic__GB4 PIN 467
INST game_logic__GB4 PIN 468: GENOME game_logic__GB4 PIN 468
INST game_logic__GB4 PIN 469: GENOME game_logic__GB4 PIN 469
INST game_logic__GB4 PIN 470: GENOME game_logic__GB4 PIN 470
INST game_logic__GB4 PIN 471: GENOME game_logic__GB4 PIN 471
INST game_logic__GB4 PIN 472: GENOME game_logic__GB4 PIN 472
INST game_logic__GB4 PIN 473: GENOME game_logic__GB4 PIN 473
INST game_logic__GB4 PIN 474: GENOME game_logic__GB4 PIN 474
INST game_logic__GB4 PIN 475: GENOME game_logic__GB4 PIN 475
INST game_logic__GB4 PIN 476: GENOME game_logic__GB4 PIN 476
INST game_logic__GB4 PIN 477: GENOME game_logic__GB4 PIN 477
INST game_logic__GB4 PIN 478: GENOME game_logic__GB4 PIN 478
INST game_logic__GB4 PIN 479: GENOME game_logic__GB4 PIN 479
INST game_logic__GB4 PIN 480: GENOME game_logic__GB4 PIN 480
INST game_logic__GB4 PIN 481: GENOME game_logic__GB4 PIN 481
INST game_logic__GB4 PIN 482: GENOME game_logic__GB4 PIN 482
INST game_logic__GB4 PIN 483: GENOME game_logic__GB4 PIN 483
INST game_logic__GB4 PIN 484: GENOME game_logic__GB4 PIN 484
INST game_logic__GB4 PIN 485: GENOME game_logic__GB4 PIN 485
INST game_logic__GB4 PIN 486: GENOME game_logic__GB4 PIN 486
INST game_logic__GB4 PIN 487: GENOME game_logic__GB4 PIN 487
GENOME NON_GENOME PIN 1: GENOME NON_GENOME PIN 5 GENOME NON_GENOME PIN 3 GENOME NON_GENOME PIN 35
GENOME NON_GENOME PIN 5: GENOME NON_GENOME PIN 1
GENOME NON_GENOME PIN 17: GENOME NON_GENOME PIN 19
GENOME NON_GENOME PIN 19: GENOME NON_GENOME PIN 17
GENOME NON_GENOME PIN 32: GENOME NON_GENOME PIN 34 GENOME NON_GENOME PIN 28
GENOME NON_GENOME PIN 34: GENOME NON_GENOME PIN 32
GENOME NON_GENOME PIN 45: GENOME NON_GENOME PIN 47
GENOME NON_GENOME PIN 47: GENOME NON_GENOME PIN 45 GENOME NON_GENOME PIN 41
GENOME NON_GENOME PIN 27: GENOME NON_GENOME PIN 58
GENOME NON_GENOME PIN 58: GENOME NON_GENOME PIN 27
GENOME NON_GENOME PIN 21: GENOME NON_GENOME PIN 79
GENOME NON_GENOME PIN 79: GENOME NON_GENOME PIN 21
GENOME NON_GENOME PIN 67: GENOME NON_GENOME PIN 84
GENOME NON_GENOME PIN 84: GENOME NON_GENOME PIN 67
GENOME NON_GENOME PIN 16: GENOME NON_GENOME PIN 89
GENOME NON_GENOME PIN 89: GENOME NON_GENOME PIN 16 GENOME NON_GENOME PIN 91
GENOME NON_GENOME PIN 15: GENOME NON_GENOME PIN 134
GENOME NON_GENOME PIN 134: GENOME NON_GENOME PIN 15 GENOME NON_GENOME PIN 141
GENOME NON_GENOME PIN 120: GENOME NON_GENOME PIN 146
GENOME NON_GENOME PIN 146: GENOME NON_GENOME PIN 120
GENOME NON_GENOME PIN 91: GENOME NON_GENOME PIN 175 GENOME NON_GENOME PIN 89
GENOME NON_GENOME PIN 175: GENOME NON_GENOME PIN 91 GENOME NON_GENOME PIN 191
GENOME NON_GENOME PIN 276: GENOME NON_GENOME PIN 376
GENOME NON_GENOME PIN 376: GENOME NON_GENOME PIN 276
GENOME NON_GENOME PIN 284: GENOME NON_GENOME PIN 385
GENOME NON_GENOME PIN 385: GENOME NON_GENOME PIN 284
INST game_logic__GB5 PIN 3: GENOME game_logic__GB5 PIN 3
INST game_logic__GB5 PIN 32: GENOME game_logic__GB5 PIN 32
INST game_logic__GB5 PIN 47: GENOME game_logic__GB5 PIN 47
INST game_logic__GB5 PIN 2016: GENOME game_logic__GB5 PIN 2016
INST game_logic__GB5 PIN 2106: GENOME game_logic__GB5 PIN 2106
INST game_logic__GB5 PIN 2123: GENOME game_logic__GB5 PIN 2123
INST game_logic__GB5 PIN 2139: GENOME game_logic__GB5 PIN 2139
INST game_logic__GB5 PIN 2180: GENOME game_logic__GB5 PIN 2180
INST game_logic__GB5 PIN 2181: GENOME game_logic__GB5 PIN 2181
INST game_logic__GB5 PIN 2182: GENOME game_logic__GB5 PIN 2182
INST game_logic__GB5 PIN 2183: GENOME game_logic__GB5 PIN 2183
INST game_logic__GB5 PIN 2184: GENOME game_logic__GB5 PIN 2184
INST game_logic__GB5 PIN 2185: GENOME game_logic__GB5 PIN 2185
INST game_logic__GB5 PIN 2186: GENOME game_logic__GB5 PIN 2186
INST game_logic__GB5 PIN 2187: GENOME game_logic__GB5 PIN 2187
INST game_logic__GB5 PIN 2188: GENOME game_logic__GB5 PIN 2188
INST game_logic__GB5 PIN 2189: GENOME game_logic__GB5 PIN 2189
INST game_logic__GB5 PIN 2190: GENOME game_logic__GB5 PIN 2190
INST game_logic__GB5 PIN 2191: GENOME game_logic__GB5 PIN 2191
INST game_logic__GB5 PIN 2192: GENOME game_logic__GB5 PIN 2192
INST game_logic__GB5 PIN 2193: GENOME game_logic__GB5 PIN 2193
INST game_logic__GB5 PIN 2194: GENOME game_logic__GB5 PIN 2194
INST game_logic__GB5 PIN 2195: GENOME game_logic__GB5 PIN 2195
INST game_logic__GB5 PIN 2196: GENOME game_logic__GB5 PIN 2196
INST game_logic__GB5 PIN 2197: GENOME game_logic__GB5 PIN 2197
INST game_logic__GB5 PIN 2198: GENOME game_logic__GB5 PIN 2198
INST game_logic__GB5 PIN 2199: GENOME game_logic__GB5 PIN 2199
INST game_logic__GB5 PIN 2200: GENOME game_logic__GB5 PIN 2200
INST game_logic__GB5 PIN 2201: GENOME game_logic__GB5 PIN 2201
INST game_logic__GB5 PIN 2202: GENOME game_logic__GB5 PIN 2202
INST game_logic__GB5 PIN 2203: GENOME game_logic__GB5 PIN 2203
INST game_logic__GB5 PIN 2204: GENOME game_logic__GB5 PIN 2204
INST game_logic__GB5 PIN 2205: GENOME game_logic__GB5 PIN 2205
INST game_logic__GB5 PIN 2206: GENOME game_logic__GB5 PIN 2206
INST game_logic__GB5 PIN 2212: GENOME game_logic__GB5 PIN 2212
INST game_logic__GB5 PIN 2213: GENOME game_logic__GB5 PIN 2213
INST game_logic__GB5 PIN 2214: GENOME game_logic__GB5 PIN 2214
INST game_logic__GB5 PIN 2215: GENOME game_logic__GB5 PIN 2215
INST game_logic__GB5 PIN 2216: GENOME game_logic__GB5 PIN 2216
INST game_logic__GB5 PIN 2217: GENOME game_logic__GB5 PIN 2217
INST game_logic__GB5 PIN 2218: GENOME game_logic__GB5 PIN 2218
INST game_logic__GB5 PIN 2219: GENOME game_logic__GB5 PIN 2219
INST game_logic__GB5 PIN 2220: GENOME game_logic__GB5 PIN 2220
INST game_logic__GB5 PIN 2221: GENOME game_logic__GB5 PIN 2221
INST game_logic__GB5 PIN 2222: GENOME game_logic__GB5 PIN 2222
INST game_logic__GB5 PIN 2223: GENOME game_logic__GB5 PIN 2223
INST game_logic__GB5 PIN 2224: GENOME game_logic__GB5 PIN 2224
INST game_logic__GB5 PIN 2225: GENOME game_logic__GB5 PIN 2225
INST game_logic__GB5 PIN 2226: GENOME game_logic__GB5 PIN 2226
INST game_logic__GB5 PIN 2227: GENOME game_logic__GB5 PIN 2227
INST game_logic__GB5 PIN 2228: GENOME game_logic__GB5 PIN 2228
INST game_logic__GB5 PIN 2229: GENOME game_logic__GB5 PIN 2229
INST game_logic__GB5 PIN 2230: GENOME game_logic__GB5 PIN 2230
INST game_logic__GB5 PIN 2231: GENOME game_logic__GB5 PIN 2231
INST game_logic__GB5 PIN 2232: GENOME game_logic__GB5 PIN 2232
INST game_logic__GB5 PIN 2233: GENOME game_logic__GB5 PIN 2233
INST game_logic__GB5 PIN 2234: GENOME game_logic__GB5 PIN 2234
INST game_logic__GB5 PIN 2235: GENOME game_logic__GB5 PIN 2235
INST game_logic__GB5 PIN 2236: GENOME game_logic__GB5 PIN 2236
INST game_logic__GB5 PIN 2237: GENOME game_logic__GB5 PIN 2237
INST game_logic__GB5 PIN 2238: GENOME game_logic__GB5 PIN 2238
INST game_logic__GB5 PIN 2248: GENOME game_logic__GB5 PIN 2248
GENOME NON_GENOME PIN 3: GENOME NON_GENOME PIN 1
GENOME NON_GENOME PIN 28: GENOME NON_GENOME PIN 32
GENOME NON_GENOME PIN 41: GENOME NON_GENOME PIN 47
GENOME NON_GENOME PIN 0: GENOME NON_GENOME PIN 2016
GENOME NON_GENOME PIN 2016: GENOME NON_GENOME PIN 0
GENOME NON_GENOME PIN 2096: GENOME NON_GENOME PIN 2106
GENOME NON_GENOME PIN 2106: GENOME NON_GENOME PIN 2096
GENOME NON_GENOME PIN 2117: GENOME NON_GENOME PIN 2123
GENOME NON_GENOME PIN 2123: GENOME NON_GENOME PIN 2117
GENOME NON_GENOME PIN 2136: GENOME NON_GENOME PIN 2139
GENOME NON_GENOME PIN 2139: GENOME NON_GENOME PIN 2136
GENOME NON_GENOME PIN 2250: GENOME NON_GENOME PIN 2169
GENOME NON_GENOME PIN 2169: GENOME NON_GENOME PIN 2250
GENOME NON_GENOME PIN 4947: GENOME NON_GENOME PIN 2171
GENOME NON_GENOME PIN 2171: GENOME NON_GENOME PIN 4947
INST game_logic__GB3 PIN 35: GENOME game_logic__GB3 PIN 35
INST game_logic__GB3 PIN 72: GENOME game_logic__GB3 PIN 72
INST game_logic__GB3 PIN 75: GENOME game_logic__GB3 PIN 75
INST game_logic__GB3 PIN 91: GENOME game_logic__GB3 PIN 91
INST game_logic__GB3 PIN 129: GENOME game_logic__GB3 PIN 129
INST game_logic__GB3 PIN 141: GENOME game_logic__GB3 PIN 141
INST game_logic__GB3 PIN 167: GENOME game_logic__GB3 PIN 167
INST game_logic__GB3 PIN 191: GENOME game_logic__GB3 PIN 191
GENOME NON_GENOME PIN 35: GENOME NON_GENOME PIN 1
GENOME NON_GENOME PIN 39: GENOME NON_GENOME PIN 72
GENOME NON_GENOME PIN 72: GENOME NON_GENOME PIN 39
GENOME NON_GENOME PIN 74: GENOME NON_GENOME PIN 75
GENOME NON_GENOME PIN 75: GENOME NON_GENOME PIN 74
GENOME NON_GENOME PIN 124: GENOME NON_GENOME PIN 129
GENOME NON_GENOME PIN 129: GENOME NON_GENOME PIN 124
GENOME NON_GENOME PIN 141: GENOME NON_GENOME PIN 134
GENOME NON_GENOME PIN 95: GENOME NON_GENOME PIN 167
GENOME NON_GENOME PIN 167: GENOME NON_GENOME PIN 95
GENOME NON_GENOME PIN 191: GENOME NON_GENOME PIN 175
INST game_logic__GB2 PIN 201: GENOME game_logic__GB2 PIN 201
INST game_logic__GB2 PIN 202: GENOME game_logic__GB2 PIN 202
INST game_logic__GB2 PIN 203: GENOME game_logic__GB2 PIN 203
INST game_logic__GB2 PIN 204: GENOME game_logic__GB2 PIN 204
INST game_logic__GB2 PIN 205: GENOME game_logic__GB2 PIN 205
INST game_logic__GB2 PIN 206: GENOME game_logic__GB2 PIN 206
INST game_logic__GB2 PIN 207: GENOME game_logic__GB2 PIN 207
INST game_logic__GB2 PIN 208: GENOME game_logic__GB2 PIN 208
INST game_logic__GB2 PIN 209: GENOME game_logic__GB2 PIN 209
INST game_logic__GB2 PIN 210: GENOME game_logic__GB2 PIN 210
INST game_logic__GB2 PIN 211: GENOME game_logic__GB2 PIN 211
INST game_logic__GB2 PIN 212: GENOME game_logic__GB2 PIN 212
INST game_logic__GB2 PIN 213: GENOME game_logic__GB2 PIN 213
INST game_logic__GB2 PIN 214: GENOME game_logic__GB2 PIN 214
INST game_logic__GB2 PIN 215: GENOME game_logic__GB2 PIN 215
INST game_logic__GB2 PIN 216: GENOME game_logic__GB2 PIN 216
INST game_logic__GB2 PIN 217: GENOME game_logic__GB2 PIN 217
INST game_logic__GB2 PIN 218: GENOME game_logic__GB2 PIN 218
INST game_logic__GB2 PIN 219: GENOME game_logic__GB2 PIN 219
INST game_logic__GB2 PIN 220: GENOME game_logic__GB2 PIN 220
INST game_logic__GB2 PIN 221: GENOME game_logic__GB2 PIN 221
INST game_logic__GB2 PIN 222: GENOME game_logic__GB2 PIN 222
INST game_logic__GB2 PIN 223: GENOME game_logic__GB2 PIN 223
INST game_logic__GB2 PIN 224: GENOME game_logic__GB2 PIN 224
INST game_logic__GB2 PIN 225: GENOME game_logic__GB2 PIN 225
INST game_logic__GB2 PIN 226: GENOME game_logic__GB2 PIN 226
INST game_logic__GB2 PIN 227: GENOME game_logic__GB2 PIN 227
INST game_logic__GB2 PIN 251: GENOME game_logic__GB2 PIN 251 INST game_logic__GB3 PIN 74 TYPE 5
INST game_logic__GB2 PIN 250: GENOME game_logic__GB2 PIN 250
GENOME NON_GENOME PIN 50: GENOME NON_GENOME PIN 64
GENOME NON_GENOME PIN 64: GENOME NON_GENOME PIN 50
GENOME NON_GENOME PIN 250: GENOME NON_GENOME PIN 251
GENOME NON_GENOME PIN 251: GENOME NON_GENOME PIN 250
INST game_logic__GB1 PIN 166: GENOME game_logic__GB1 PIN 166
INST game_logic__GB1 PIN 167: GENOME game_logic__GB1 PIN 167
INST game_logic__GB1 PIN 168: GENOME game_logic__GB1 PIN 168
INST game_logic__GB1 PIN 169: GENOME game_logic__GB1 PIN 169
INST game_logic__GB1 PIN 170: GENOME game_logic__GB1 PIN 170
INST game_logic__GB1 PIN 171: GENOME game_logic__GB1 PIN 171
INST game_logic__GB1 PIN 172: GENOME game_logic__GB1 PIN 172
INST game_logic__GB1 PIN 173: GENOME game_logic__GB1 PIN 173
INST game_logic__GB1 PIN 174: GENOME game_logic__GB1 PIN 174
INST game_logic__GB1 PIN 175: GENOME game_logic__GB1 PIN 175
INST game_logic__GB1 PIN 176: GENOME game_logic__GB1 PIN 176
INST game_logic__GB1 PIN 177: GENOME game_logic__GB1 PIN 177
INST game_logic__GB1 PIN 178: GENOME game_logic__GB1 PIN 178
INST game_logic__GB1 PIN 179: GENOME game_logic__GB1 PIN 179
INST game_logic__GB1 PIN 180: GENOME game_logic__GB1 PIN 180
INST game_logic__GB1 PIN 181: GENOME game_logic__GB1 PIN 181
INST game_logic__GB1 PIN 182: GENOME game_logic__GB1 PIN 182
INST game_logic__GB1 PIN 183: GENOME game_logic__GB1 PIN 183
INST game_logic__GB1 PIN 184: GENOME game_logic__GB1 PIN 184
INST game_logic__GB1 PIN 185: GENOME game_logic__GB1 PIN 185
INST game_logic__GB1 PIN 186: GENOME game_logic__GB1 PIN 186
INST game_logic__GB1 PIN 187: GENOME game_logic__GB1 PIN 187
INST game_logic__GB1 PIN 188: GENOME game_logic__GB1 PIN 188
INST game_logic__GB1 PIN 189: GENOME game_logic__GB1 PIN 189
INST game_logic__GB1 PIN 190: GENOME game_logic__GB1 PIN 190
INST game_logic__GB1 PIN 191: GENOME game_logic__GB1 PIN 191
INST game_logic__GB1 PIN 192: GENOME game_logic__GB1 PIN 192
INST FloodIt__GC0 PIN 0: GENOME FloodIt__GC0 PIN 0
INST FloodIt__GC0 PIN 11: GENOME FloodIt__GC0 PIN 11
INST FloodIt__GC0 PIN 12: GENOME FloodIt__GC0 PIN 12
INST FloodIt__GC0 PIN 13: GENOME FloodIt__GC0 PIN 13
INST FloodIt__GC0 PIN 14: GENOME FloodIt__GC0 PIN 14
INST FloodIt__GC0 PIN 2071: GENOME FloodIt__GC0 PIN 2071
INST FloodIt__GC0 PIN 2072: GENOME FloodIt__GC0 PIN 2072
INST FloodIt__GC0 PIN 2073: GENOME FloodIt__GC0 PIN 2073
INST FloodIt__GC0 PIN 2075: GENOME FloodIt__GC0 PIN 2075
INST FloodIt__GC0 PIN 2076: GENOME FloodIt__GC0 PIN 2076
INST FloodIt__GC0 PIN 2077: GENOME FloodIt__GC0 PIN 2077
INST FloodIt__GC0 PIN 2080: GENOME FloodIt__GC0 PIN 2080
INST FloodIt__GC0 PIN 2081: GENOME FloodIt__GC0 PIN 2081
GENOME NON_GENOME PIN 2070: GENOME NON_GENOME PIN 2071 GENOME NON_GENOME PIN 2072 GENOME NON_GENOME PIN 2073
GENOME NON_GENOME PIN 2071: GENOME NON_GENOME PIN 2070
GENOME NON_GENOME PIN 2072: GENOME NON_GENOME PIN 2070
GENOME NON_GENOME PIN 2073: GENOME NON_GENOME PIN 2070
GENOME NON_GENOME PIN 2074: GENOME NON_GENOME PIN 2075 GENOME NON_GENOME PIN 2076 GENOME NON_GENOME PIN 2077
GENOME NON_GENOME PIN 2075: GENOME NON_GENOME PIN 2074
GENOME NON_GENOME PIN 2076: GENOME NON_GENOME PIN 2074
GENOME NON_GENOME PIN 2077: GENOME NON_GENOME PIN 2074
GENOME NON_GENOME PIN 2079: GENOME NON_GENOME PIN 2080 GENOME NON_GENOME PIN 2081
GENOME NON_GENOME PIN 2080: GENOME NON_GENOME PIN 2079
GENOME NON_GENOME PIN 2081: GENOME NON_GENOME PIN 2079
INST game_logic__GB4 PIN 43: INST game_logic__GB2 PIN 247 TYPE 0 INST game_logic__GB0 PIN 1696 TYPE 0 GENOME game_logic__GB4 PIN 43
INST game_logic__GB4 PIN 93: INST game_logic__GB0 PIN 1010 TYPE 0 GENOME game_logic__GB4 PIN 93
INST game_logic__GB4 PIN 42: INST game_logic__GB0 PIN 1022 TYPE 0 GENOME game_logic__GB4 PIN 42
INST game_logic__GB4 PIN 272: INST game_logic__GB0 PIN 1167 TYPE 0 GENOME game_logic__GB4 PIN 272
INST game_logic__GB4 PIN 406: INST game_logic__GB0 PIN 1313 TYPE 0 GENOME game_logic__GB4 PIN 406
INST game_logic__GB4 PIN 408: INST game_logic__GB0 PIN 1316 TYPE 0 GENOME game_logic__GB4 PIN 408
INST game_logic__GB5 PIN 2152: INST game_logic__GB0 PIN 1320 TYPE 0 GENOME game_logic__GB5 PIN 2152
INST game_logic__GB1 PIN 122: INST game_logic__GB0 PIN 1321 TYPE 0 GENOME game_logic__GB1 PIN 122
INST game_logic__GB1 PIN 123: INST game_logic__GB0 PIN 1323 TYPE 0 GENOME game_logic__GB1 PIN 123
INST game_logic__GB5 PIN 2154: INST game_logic__GB0 PIN 1326 TYPE 0 GENOME game_logic__GB5 PIN 2154
INST game_logic__GB4 PIN 414: INST game_logic__GB0 PIN 1328 TYPE 0 GENOME game_logic__GB4 PIN 414
INST game_logic__GB2 PIN 149: INST game_logic__GB0 PIN 1330 TYPE 0 GENOME game_logic__GB2 PIN 149
INST game_logic__GB1 PIN 125: INST game_logic__GB0 PIN 1331 TYPE 0 GENOME game_logic__GB1 PIN 125
INST game_logic__GB4 PIN 419: INST game_logic__GB0 PIN 1333 TYPE 0 GENOME game_logic__GB4 PIN 419
INST game_logic__GB4 PIN 420: INST game_logic__GB0 PIN 1334 TYPE 0 GENOME game_logic__GB4 PIN 420
INST game_logic__GB1 PIN 126: INST game_logic__GB0 PIN 1335 TYPE 0 GENOME game_logic__GB1 PIN 126
INST game_logic__GB2 PIN 152: INST game_logic__GB0 PIN 1337 TYPE 0 GENOME game_logic__GB2 PIN 152
INST game_logic__GB1 PIN 128: INST game_logic__GB0 PIN 1339 TYPE 0 GENOME game_logic__GB1 PIN 128
INST game_logic__GB2 PIN 156: INST game_logic__GB0 PIN 1340 TYPE 0 GENOME game_logic__GB2 PIN 156
INST game_logic__GB2 PIN 50: INST game_logic__GB2 PIN 64 TYPE 2 INST game_logic__GB0 PIN 1961 TYPE 4
INST game_logic__GB0 PIN 1010: GENOME game_logic__GB0 PIN 1010
INST game_logic__GB0 PIN 1022: GENOME game_logic__GB0 PIN 1022
INST game_logic__GB0 PIN 1167: GENOME game_logic__GB0 PIN 1167
INST game_logic__GB0 PIN 1313: GENOME game_logic__GB0 PIN 1313
INST game_logic__GB0 PIN 1316: GENOME game_logic__GB0 PIN 1316
INST game_logic__GB0 PIN 1320: GENOME game_logic__GB0 PIN 1320
INST game_logic__GB0 PIN 1321: GENOME game_logic__GB0 PIN 1321
INST game_logic__GB0 PIN 1323: GENOME game_logic__GB0 PIN 1323
INST game_logic__GB0 PIN 1326: GENOME game_logic__GB0 PIN 1326
INST game_logic__GB0 PIN 1328: GENOME game_logic__GB0 PIN 1328
INST game_logic__GB0 PIN 1330: GENOME game_logic__GB0 PIN 1330
INST game_logic__GB0 PIN 1331: GENOME game_logic__GB0 PIN 1331
INST game_logic__GB0 PIN 1333: GENOME game_logic__GB0 PIN 1333
INST game_logic__GB0 PIN 1334: GENOME game_logic__GB0 PIN 1334
INST game_logic__GB0 PIN 1335: GENOME game_logic__GB0 PIN 1335
INST game_logic__GB0 PIN 1337: GENOME game_logic__GB0 PIN 1337
INST game_logic__GB0 PIN 1339: GENOME game_logic__GB0 PIN 1339
INST game_logic__GB0 PIN 1340: GENOME game_logic__GB0 PIN 1340
INST game_logic__GB0 PIN 1696: GENOME game_logic__GB0 PIN 1696
INST game_logic__GB0 PIN 1961: GENOME game_logic__GB0 PIN 1961 INST game_logic__GB2 PIN 50 TYPE 5
INST game_logic__GB0 PIN 1937: GENOME game_logic__GB0 PIN 1937
GENOME NON_GENOME PIN 1937: GENOME NON_GENOME PIN 1961
GENOME NON_GENOME PIN 1961: GENOME NON_GENOME PIN 1937
INST game_logic__GB2 PIN 64: GENOME game_logic__GB2 PIN 64
INST game_logic__GB2 PIN 247: GENOME game_logic__GB2 PIN 247
INST game_logic__GB2 PIN 155: INST game_logic__GB0 PIN 1006 TYPE 0 GENOME game_logic__GB2 PIN 155
INST game_logic__GB2 PIN 170: INST game_logic__GB0 PIN 1014 TYPE 0 GENOME game_logic__GB2 PIN 170
INST game_logic__GB2 PIN 181: INST game_logic__GB0 PIN 1018 TYPE 0 GENOME game_logic__GB2 PIN 181
INST game_logic__GB2 PIN 199: INST game_logic__GB0 PIN 1026 TYPE 0 GENOME game_logic__GB2 PIN 199
INST game_logic__GB2 PIN 114: INST game_logic__GB0 PIN 1030 TYPE 0 GENOME game_logic__GB2 PIN 114
INST game_logic__GB2 PIN 57: INST game_logic__GB0 PIN 1034 TYPE 0 GENOME game_logic__GB2 PIN 57
INST game_logic__GB2 PIN 153: INST game_logic__GB0 PIN 1038 TYPE 0 GENOME game_logic__GB2 PIN 153
INST game_logic__GB2 PIN 21: INST game_logic__GB0 PIN 1050 TYPE 0 GENOME game_logic__GB2 PIN 21
INST game_logic__GB2 PIN 34: INST game_logic__GB0 PIN 1067 TYPE 0 GENOME game_logic__GB2 PIN 34
INST game_logic__GB2 PIN 41: INST game_logic__GB0 PIN 1083 TYPE 0 GENOME game_logic__GB2 PIN 41
INST game_logic__GB2 PIN 51: INST game_logic__GB0 PIN 1102 TYPE 0 GENOME game_logic__GB2 PIN 51
INST game_logic__GB2 PIN 66: INST game_logic__GB0 PIN 1121 TYPE 0 GENOME game_logic__GB2 PIN 66
INST game_logic__GB2 PIN 68: INST game_logic__GB0 PIN 1133 TYPE 0 GENOME game_logic__GB2 PIN 68
INST game_logic__GB2 PIN 100: INST game_logic__GB0 PIN 1210 TYPE 0 GENOME game_logic__GB2 PIN 100
INST game_logic__GB2 PIN 121: INST game_logic__GB0 PIN 1257 TYPE 0 GENOME game_logic__GB2 PIN 121
INST game_logic__GB2 PIN 131: INST game_logic__GB0 PIN 1278 TYPE 0 GENOME game_logic__GB2 PIN 131
INST game_logic__GB2 PIN 158: INST game_logic__GB0 PIN 1342 TYPE 0 GENOME game_logic__GB2 PIN 158
INST game_logic__GB0 PIN 1006: GENOME game_logic__GB0 PIN 1006
INST game_logic__GB0 PIN 1014: GENOME game_logic__GB0 PIN 1014
INST game_logic__GB0 PIN 1018: GENOME game_logic__GB0 PIN 1018
INST game_logic__GB0 PIN 1026: GENOME game_logic__GB0 PIN 1026
INST game_logic__GB0 PIN 1030: GENOME game_logic__GB0 PIN 1030
INST game_logic__GB0 PIN 1034: GENOME game_logic__GB0 PIN 1034
INST game_logic__GB0 PIN 1038: GENOME game_logic__GB0 PIN 1038
INST game_logic__GB0 PIN 1050: GENOME game_logic__GB0 PIN 1050
INST game_logic__GB0 PIN 1067: GENOME game_logic__GB0 PIN 1067
INST game_logic__GB0 PIN 1083: GENOME game_logic__GB0 PIN 1083
INST game_logic__GB0 PIN 1102: GENOME game_logic__GB0 PIN 1102
INST game_logic__GB0 PIN 1121: GENOME game_logic__GB0 PIN 1121
INST game_logic__GB0 PIN 1133: GENOME game_logic__GB0 PIN 1133
INST game_logic__GB0 PIN 1210: GENOME game_logic__GB0 PIN 1210
INST game_logic__GB0 PIN 1257: GENOME game_logic__GB0 PIN 1257
INST game_logic__GB0 PIN 1278: GENOME game_logic__GB0 PIN 1278
INST game_logic__GB0 PIN 1342: GENOME game_logic__GB0 PIN 1342
