DISSOLVE_GENOME: GENOME game_logic__GB0_tempName GENOME game_logic__GB1_tempName GENOME game_logic__GB2_tempName GENOME game_logic__GB3_tempName GENOME game_logic__GB4_tempName GENOME game_logic__GB5_tempName GENOME FloodIt__GC0_tempName GENOME FloodIt__GC0 GENOME game_logic__GB0 GENOME game_logic__GB1 GENOME game_logic__GB2 GENOME game_logic__GB3 GENOME game_logic__GB4 GENOME game_logic__GB5
INST game_logic__GB3 PIN 3: INST game_logic__GB4 PIN 427 INST game_logic__GB2 PIN 202 INST game_logic__GB1 PIN 167 GENOME game_logic__GB3 PIN 3
INST game_logic__GB4 PIN 427: GENOME game_logic__GB4 PIN 427
INST game_logic__GB2 PIN 202: GENOME game_logic__GB2 PIN 202
INST game_logic__GB1 PIN 167: GENOME game_logic__GB1 PIN 167
GENOME game_logic__GB3 PIN 3: INST game_logic__GB3 PIN 3
GENOME game_logic__GB4 PIN 427: INST game_logic__GB4 PIN 427
GENOME game_logic__GB2 PIN 202: INST game_logic__GB2 PIN 202
GENOME game_logic__GB1 PIN 167: INST game_logic__GB1 PIN 167
INST game_logic__GB3 PIN 4: INST game_logic__GB4 PIN 428 INST game_logic__GB2 PIN 203 INST game_logic__GB1 PIN 168 GENOME game_logic__GB3 PIN 4
INST game_logic__GB4 PIN 428: GENOME game_logic__GB4 PIN 428
INST game_logic__GB2 PIN 203: GENOME game_logic__GB2 PIN 203
INST game_logic__GB1 PIN 168: GENOME game_logic__GB1 PIN 168
GENOME game_logic__GB3 PIN 4: INST game_logic__GB3 PIN 4
GENOME game_logic__GB4 PIN 428: INST game_logic__GB4 PIN 428
GENOME game_logic__GB2 PIN 203: INST game_logic__GB2 PIN 203
GENOME game_logic__GB1 PIN 168: INST game_logic__GB1 PIN 168
INST game_logic__GB3 PIN 5: INST game_logic__GB4 PIN 429 INST game_logic__GB2 PIN 204 INST game_logic__GB1 PIN 169 GENOME game_logic__GB3 PIN 5
INST game_logic__GB4 PIN 429: GENOME game_logic__GB4 PIN 429
INST game_logic__GB2 PIN 204: GENOME game_logic__GB2 PIN 204
INST game_logic__GB1 PIN 169: GENOME game_logic__GB1 PIN 169
GENOME game_logic__GB3 PIN 5: INST game_logic__GB3 PIN 5
GENOME game_logic__GB4 PIN 429: INST game_logic__GB4 PIN 429
GENOME game_logic__GB2 PIN 204: INST game_logic__GB2 PIN 204
GENOME game_logic__GB1 PIN 169: INST game_logic__GB1 PIN 169
INST game_logic__GB3 PIN 6: INST game_logic__GB4 PIN 430 INST game_logic__GB2 PIN 205 INST game_logic__GB1 PIN 170 GENOME game_logic__GB3 PIN 6
INST game_logic__GB4 PIN 430: GENOME game_logic__GB4 PIN 430
INST game_logic__GB2 PIN 205: GENOME game_logic__GB2 PIN 205
INST game_logic__GB1 PIN 170: GENOME game_logic__GB1 PIN 170
GENOME game_logic__GB3 PIN 6: INST game_logic__GB3 PIN 6
GENOME game_logic__GB4 PIN 430: INST game_logic__GB4 PIN 430
GENOME game_logic__GB2 PIN 205: INST game_logic__GB2 PIN 205
GENOME game_logic__GB1 PIN 170: INST game_logic__GB1 PIN 170
INST game_logic__GB3 PIN 7: INST game_logic__GB4 PIN 431 INST game_logic__GB2 PIN 206 INST game_logic__GB1 PIN 171 GENOME game_logic__GB3 PIN 7
INST game_logic__GB4 PIN 431: GENOME game_logic__GB4 PIN 431
INST game_logic__GB2 PIN 206: GENOME game_logic__GB2 PIN 206
INST game_logic__GB1 PIN 171: GENOME game_logic__GB1 PIN 171
GENOME game_logic__GB3 PIN 7: INST game_logic__GB3 PIN 7
GENOME game_logic__GB4 PIN 431: INST game_logic__GB4 PIN 431
GENOME game_logic__GB2 PIN 206: INST game_logic__GB2 PIN 206
GENOME game_logic__GB1 PIN 171: INST game_logic__GB1 PIN 171
INST game_logic__GB3 PIN 8: INST game_logic__GB4 PIN 432 INST game_logic__GB2 PIN 207 INST game_logic__GB1 PIN 172 GENOME game_logic__GB3 PIN 8
INST game_logic__GB4 PIN 432: GENOME game_logic__GB4 PIN 432
INST game_logic__GB2 PIN 207: GENOME game_logic__GB2 PIN 207
INST game_logic__GB1 PIN 172: GENOME game_logic__GB1 PIN 172
GENOME game_logic__GB3 PIN 8: INST game_logic__GB3 PIN 8
GENOME game_logic__GB4 PIN 432: INST game_logic__GB4 PIN 432
GENOME game_logic__GB2 PIN 207: INST game_logic__GB2 PIN 207
GENOME game_logic__GB1 PIN 172: INST game_logic__GB1 PIN 172
INST game_logic__GB3 PIN 9: INST game_logic__GB4 PIN 433 INST game_logic__GB2 PIN 208 INST game_logic__GB1 PIN 173 GENOME game_logic__GB3 PIN 9
INST game_logic__GB4 PIN 433: GENOME game_logic__GB4 PIN 433
INST game_logic__GB2 PIN 208: GENOME game_logic__GB2 PIN 208
INST game_logic__GB1 PIN 173: GENOME game_logic__GB1 PIN 173
GENOME game_logic__GB3 PIN 9: INST game_logic__GB3 PIN 9
GENOME game_logic__GB4 PIN 433: INST game_logic__GB4 PIN 433
GENOME game_logic__GB2 PIN 208: INST game_logic__GB2 PIN 208
GENOME game_logic__GB1 PIN 173: INST game_logic__GB1 PIN 173
INST game_logic__GB3 PIN 10: INST game_logic__GB4 PIN 434 INST game_logic__GB2 PIN 209 INST game_logic__GB1 PIN 174 GENOME game_logic__GB3 PIN 10
INST game_logic__GB4 PIN 434: GENOME game_logic__GB4 PIN 434
INST game_logic__GB2 PIN 209: GENOME game_logic__GB2 PIN 209
INST game_logic__GB1 PIN 174: GENOME game_logic__GB1 PIN 174
GENOME game_logic__GB3 PIN 10: INST game_logic__GB3 PIN 10
GENOME game_logic__GB4 PIN 434: INST game_logic__GB4 PIN 434
GENOME game_logic__GB2 PIN 209: INST game_logic__GB2 PIN 209
GENOME game_logic__GB1 PIN 174: INST game_logic__GB1 PIN 174
INST game_logic__GB3 PIN 11: INST game_logic__GB4 PIN 435 INST game_logic__GB2 PIN 210 INST game_logic__GB1 PIN 175 GENOME game_logic__GB3 PIN 11
INST game_logic__GB4 PIN 435: GENOME game_logic__GB4 PIN 435
INST game_logic__GB2 PIN 210: GENOME game_logic__GB2 PIN 210
INST game_logic__GB1 PIN 175: GENOME game_logic__GB1 PIN 175
GENOME game_logic__GB3 PIN 11: INST game_logic__GB3 PIN 11
GENOME game_logic__GB4 PIN 435: INST game_logic__GB4 PIN 435
GENOME game_logic__GB2 PIN 210: INST game_logic__GB2 PIN 210
GENOME game_logic__GB1 PIN 175: INST game_logic__GB1 PIN 175
INST game_logic__GB3 PIN 12: INST game_logic__GB4 PIN 436 INST game_logic__GB2 PIN 211 INST game_logic__GB1 PIN 176 GENOME game_logic__GB3 PIN 12
INST game_logic__GB4 PIN 436: GENOME game_logic__GB4 PIN 436
INST game_logic__GB2 PIN 211: GENOME game_logic__GB2 PIN 211
INST game_logic__GB1 PIN 176: GENOME game_logic__GB1 PIN 176
GENOME game_logic__GB3 PIN 12: INST game_logic__GB3 PIN 12
GENOME game_logic__GB4 PIN 436: INST game_logic__GB4 PIN 436
GENOME game_logic__GB2 PIN 211: INST game_logic__GB2 PIN 211
GENOME game_logic__GB1 PIN 176: INST game_logic__GB1 PIN 176
INST game_logic__GB3 PIN 13: INST game_logic__GB4 PIN 437 INST game_logic__GB2 PIN 212 INST game_logic__GB1 PIN 177 GENOME game_logic__GB3 PIN 13
INST game_logic__GB4 PIN 437: GENOME game_logic__GB4 PIN 437
INST game_logic__GB2 PIN 212: GENOME game_logic__GB2 PIN 212
INST game_logic__GB1 PIN 177: GENOME game_logic__GB1 PIN 177
GENOME game_logic__GB3 PIN 13: INST game_logic__GB3 PIN 13
GENOME game_logic__GB4 PIN 437: INST game_logic__GB4 PIN 437
GENOME game_logic__GB2 PIN 212: INST game_logic__GB2 PIN 212
GENOME game_logic__GB1 PIN 177: INST game_logic__GB1 PIN 177
INST game_logic__GB3 PIN 14: INST game_logic__GB4 PIN 438 INST game_logic__GB2 PIN 213 INST game_logic__GB1 PIN 178 GENOME game_logic__GB3 PIN 14
INST game_logic__GB4 PIN 438: GENOME game_logic__GB4 PIN 438
INST game_logic__GB2 PIN 213: GENOME game_logic__GB2 PIN 213
INST game_logic__GB1 PIN 178: GENOME game_logic__GB1 PIN 178
GENOME game_logic__GB3 PIN 14: INST game_logic__GB3 PIN 14
GENOME game_logic__GB4 PIN 438: INST game_logic__GB4 PIN 438
GENOME game_logic__GB2 PIN 213: INST game_logic__GB2 PIN 213
GENOME game_logic__GB1 PIN 178: INST game_logic__GB1 PIN 178
INST game_logic__GB3 PIN 15: INST game_logic__GB4 PIN 439 INST game_logic__GB2 PIN 214 INST game_logic__GB1 PIN 179 GENOME game_logic__GB3 PIN 15
INST game_logic__GB4 PIN 439: GENOME game_logic__GB4 PIN 439
INST game_logic__GB2 PIN 214: GENOME game_logic__GB2 PIN 214
INST game_logic__GB1 PIN 179: GENOME game_logic__GB1 PIN 179
GENOME game_logic__GB3 PIN 15: INST game_logic__GB3 PIN 15
GENOME game_logic__GB4 PIN 439: INST game_logic__GB4 PIN 439
GENOME game_logic__GB2 PIN 214: INST game_logic__GB2 PIN 214
GENOME game_logic__GB1 PIN 179: INST game_logic__GB1 PIN 179
INST game_logic__GB3 PIN 16: INST game_logic__GB4 PIN 440 INST game_logic__GB2 PIN 215 INST game_logic__GB1 PIN 180 GENOME game_logic__GB3 PIN 16
INST game_logic__GB4 PIN 440: GENOME game_logic__GB4 PIN 440
INST game_logic__GB2 PIN 215: GENOME game_logic__GB2 PIN 215
INST game_logic__GB1 PIN 180: GENOME game_logic__GB1 PIN 180
GENOME game_logic__GB3 PIN 16: INST game_logic__GB3 PIN 16
GENOME game_logic__GB4 PIN 440: INST game_logic__GB4 PIN 440
GENOME game_logic__GB2 PIN 215: INST game_logic__GB2 PIN 215
GENOME game_logic__GB1 PIN 180: INST game_logic__GB1 PIN 180
INST game_logic__GB3 PIN 17: INST game_logic__GB4 PIN 441 INST game_logic__GB2 PIN 216 INST game_logic__GB1 PIN 181 GENOME game_logic__GB3 PIN 17
INST game_logic__GB4 PIN 441: GENOME game_logic__GB4 PIN 441
INST game_logic__GB2 PIN 216: GENOME game_logic__GB2 PIN 216
INST game_logic__GB1 PIN 181: GENOME game_logic__GB1 PIN 181
GENOME game_logic__GB3 PIN 17: INST game_logic__GB3 PIN 17
GENOME game_logic__GB4 PIN 441: INST game_logic__GB4 PIN 441
GENOME game_logic__GB2 PIN 216: INST game_logic__GB2 PIN 216
GENOME game_logic__GB1 PIN 181: INST game_logic__GB1 PIN 181
INST game_logic__GB3 PIN 18: INST game_logic__GB4 PIN 442 INST game_logic__GB2 PIN 217 INST game_logic__GB1 PIN 182 GENOME game_logic__GB3 PIN 18
INST game_logic__GB4 PIN 442: GENOME game_logic__GB4 PIN 442
INST game_logic__GB2 PIN 217: GENOME game_logic__GB2 PIN 217
INST game_logic__GB1 PIN 182: GENOME game_logic__GB1 PIN 182
GENOME game_logic__GB3 PIN 18: INST game_logic__GB3 PIN 18
GENOME game_logic__GB4 PIN 442: INST game_logic__GB4 PIN 442
GENOME game_logic__GB2 PIN 217: INST game_logic__GB2 PIN 217
GENOME game_logic__GB1 PIN 182: INST game_logic__GB1 PIN 182
INST game_logic__GB3 PIN 19: INST game_logic__GB4 PIN 443 INST game_logic__GB2 PIN 218 INST game_logic__GB1 PIN 183 GENOME game_logic__GB3 PIN 19
INST game_logic__GB4 PIN 443: GENOME game_logic__GB4 PIN 443
INST game_logic__GB2 PIN 218: GENOME game_logic__GB2 PIN 218
INST game_logic__GB1 PIN 183: GENOME game_logic__GB1 PIN 183
GENOME game_logic__GB3 PIN 19: INST game_logic__GB3 PIN 19
GENOME game_logic__GB4 PIN 443: INST game_logic__GB4 PIN 443
GENOME game_logic__GB2 PIN 218: INST game_logic__GB2 PIN 218
GENOME game_logic__GB1 PIN 183: INST game_logic__GB1 PIN 183
INST game_logic__GB3 PIN 20: INST game_logic__GB4 PIN 444 INST game_logic__GB2 PIN 219 INST game_logic__GB1 PIN 184 GENOME game_logic__GB3 PIN 20
INST game_logic__GB4 PIN 444: GENOME game_logic__GB4 PIN 444
INST game_logic__GB2 PIN 219: GENOME game_logic__GB2 PIN 219
INST game_logic__GB1 PIN 184: GENOME game_logic__GB1 PIN 184
GENOME game_logic__GB3 PIN 20: INST game_logic__GB3 PIN 20
GENOME game_logic__GB4 PIN 444: INST game_logic__GB4 PIN 444
GENOME game_logic__GB2 PIN 219: INST game_logic__GB2 PIN 219
GENOME game_logic__GB1 PIN 184: INST game_logic__GB1 PIN 184
INST game_logic__GB3 PIN 21: INST game_logic__GB4 PIN 445 INST game_logic__GB2 PIN 220 INST game_logic__GB1 PIN 185 GENOME game_logic__GB3 PIN 21
INST game_logic__GB4 PIN 445: GENOME game_logic__GB4 PIN 445
INST game_logic__GB2 PIN 220: GENOME game_logic__GB2 PIN 220
INST game_logic__GB1 PIN 185: GENOME game_logic__GB1 PIN 185
GENOME game_logic__GB3 PIN 21: INST game_logic__GB3 PIN 21
GENOME game_logic__GB4 PIN 445: INST game_logic__GB4 PIN 445
GENOME game_logic__GB2 PIN 220: INST game_logic__GB2 PIN 220
GENOME game_logic__GB1 PIN 185: INST game_logic__GB1 PIN 185
INST game_logic__GB3 PIN 22: INST game_logic__GB4 PIN 446 INST game_logic__GB2 PIN 221 INST game_logic__GB1 PIN 186 GENOME game_logic__GB3 PIN 22
INST game_logic__GB4 PIN 446: GENOME game_logic__GB4 PIN 446
INST game_logic__GB2 PIN 221: GENOME game_logic__GB2 PIN 221
INST game_logic__GB1 PIN 186: GENOME game_logic__GB1 PIN 186
GENOME game_logic__GB3 PIN 22: INST game_logic__GB3 PIN 22
GENOME game_logic__GB4 PIN 446: INST game_logic__GB4 PIN 446
GENOME game_logic__GB2 PIN 221: INST game_logic__GB2 PIN 221
GENOME game_logic__GB1 PIN 186: INST game_logic__GB1 PIN 186
INST game_logic__GB3 PIN 23: INST game_logic__GB4 PIN 447 INST game_logic__GB2 PIN 222 INST game_logic__GB1 PIN 187 GENOME game_logic__GB3 PIN 23
INST game_logic__GB4 PIN 447: GENOME game_logic__GB4 PIN 447
INST game_logic__GB2 PIN 222: GENOME game_logic__GB2 PIN 222
INST game_logic__GB1 PIN 187: GENOME game_logic__GB1 PIN 187
GENOME game_logic__GB3 PIN 23: INST game_logic__GB3 PIN 23
GENOME game_logic__GB4 PIN 447: INST game_logic__GB4 PIN 447
GENOME game_logic__GB2 PIN 222: INST game_logic__GB2 PIN 222
GENOME game_logic__GB1 PIN 187: INST game_logic__GB1 PIN 187
INST game_logic__GB3 PIN 24: INST game_logic__GB4 PIN 448 INST game_logic__GB2 PIN 223 INST game_logic__GB1 PIN 188 GENOME game_logic__GB3 PIN 24
INST game_logic__GB4 PIN 448: GENOME game_logic__GB4 PIN 448
INST game_logic__GB2 PIN 223: GENOME game_logic__GB2 PIN 223
INST game_logic__GB1 PIN 188: GENOME game_logic__GB1 PIN 188
GENOME game_logic__GB3 PIN 24: INST game_logic__GB3 PIN 24
GENOME game_logic__GB4 PIN 448: INST game_logic__GB4 PIN 448
GENOME game_logic__GB2 PIN 223: INST game_logic__GB2 PIN 223
GENOME game_logic__GB1 PIN 188: INST game_logic__GB1 PIN 188
INST game_logic__GB3 PIN 25: INST game_logic__GB4 PIN 449 INST game_logic__GB2 PIN 224 INST game_logic__GB1 PIN 189 GENOME game_logic__GB3 PIN 25
INST game_logic__GB4 PIN 449: GENOME game_logic__GB4 PIN 449
INST game_logic__GB2 PIN 224: GENOME game_logic__GB2 PIN 224
INST game_logic__GB1 PIN 189: GENOME game_logic__GB1 PIN 189
GENOME game_logic__GB3 PIN 25: INST game_logic__GB3 PIN 25
GENOME game_logic__GB4 PIN 449: INST game_logic__GB4 PIN 449
GENOME game_logic__GB2 PIN 224: INST game_logic__GB2 PIN 224
GENOME game_logic__GB1 PIN 189: INST game_logic__GB1 PIN 189
INST game_logic__GB3 PIN 26: INST game_logic__GB4 PIN 450 INST game_logic__GB2 PIN 225 INST game_logic__GB1 PIN 190 GENOME game_logic__GB3 PIN 26
INST game_logic__GB4 PIN 450: GENOME game_logic__GB4 PIN 450
INST game_logic__GB2 PIN 225: GENOME game_logic__GB2 PIN 225
INST game_logic__GB1 PIN 190: GENOME game_logic__GB1 PIN 190
GENOME game_logic__GB3 PIN 26: INST game_logic__GB3 PIN 26
GENOME game_logic__GB4 PIN 450: INST game_logic__GB4 PIN 450
GENOME game_logic__GB2 PIN 225: INST game_logic__GB2 PIN 225
GENOME game_logic__GB1 PIN 190: INST game_logic__GB1 PIN 190
INST game_logic__GB3 PIN 27: INST game_logic__GB4 PIN 451 INST game_logic__GB2 PIN 226 INST game_logic__GB1 PIN 191 GENOME game_logic__GB3 PIN 27
INST game_logic__GB4 PIN 451: GENOME game_logic__GB4 PIN 451
INST game_logic__GB2 PIN 226: GENOME game_logic__GB2 PIN 226
INST game_logic__GB1 PIN 191: GENOME game_logic__GB1 PIN 191
GENOME game_logic__GB3 PIN 27: INST game_logic__GB3 PIN 27
GENOME game_logic__GB4 PIN 451: INST game_logic__GB4 PIN 451
GENOME game_logic__GB2 PIN 226: INST game_logic__GB2 PIN 226
GENOME game_logic__GB1 PIN 191: INST game_logic__GB1 PIN 191
INST game_logic__GB3 PIN 28: INST game_logic__GB4 PIN 452 INST game_logic__GB2 PIN 227 INST game_logic__GB1 PIN 192 GENOME game_logic__GB3 PIN 28
INST game_logic__GB4 PIN 452: GENOME game_logic__GB4 PIN 452
INST game_logic__GB2 PIN 227: GENOME game_logic__GB2 PIN 227
INST game_logic__GB1 PIN 192: GENOME game_logic__GB1 PIN 192
GENOME game_logic__GB3 PIN 28: INST game_logic__GB3 PIN 28
GENOME game_logic__GB4 PIN 452: INST game_logic__GB4 PIN 452
GENOME game_logic__GB2 PIN 227: INST game_logic__GB2 PIN 227
GENOME game_logic__GB1 PIN 192: INST game_logic__GB1 PIN 192
INST game_logic__GB3 PIN 40: INST game_logic__GB4 PIN 461 GENOME game_logic__GB3 PIN 40
INST game_logic__GB4 PIN 461: GENOME game_logic__GB4 PIN 461
GENOME game_logic__GB3 PIN 40: INST game_logic__GB3 PIN 40
GENOME game_logic__GB4 PIN 461: INST game_logic__GB4 PIN 461
INST game_logic__GB3 PIN 41: INST game_logic__GB4 PIN 462 GENOME game_logic__GB3 PIN 41
INST game_logic__GB4 PIN 462: GENOME game_logic__GB4 PIN 462
GENOME game_logic__GB3 PIN 41: INST game_logic__GB3 PIN 41
GENOME game_logic__GB4 PIN 462: INST game_logic__GB4 PIN 462
INST game_logic__GB3 PIN 42: INST game_logic__GB4 PIN 463 GENOME game_logic__GB3 PIN 42
INST game_logic__GB4 PIN 463: GENOME game_logic__GB4 PIN 463
GENOME game_logic__GB3 PIN 42: INST game_logic__GB3 PIN 42
GENOME game_logic__GB4 PIN 463: INST game_logic__GB4 PIN 463
INST game_logic__GB3 PIN 43: INST game_logic__GB4 PIN 464 GENOME game_logic__GB3 PIN 43
INST game_logic__GB4 PIN 464: GENOME game_logic__GB4 PIN 464
GENOME game_logic__GB3 PIN 43: INST game_logic__GB3 PIN 43
GENOME game_logic__GB4 PIN 464: INST game_logic__GB4 PIN 464
INST game_logic__GB3 PIN 44: INST game_logic__GB4 PIN 465 GENOME game_logic__GB3 PIN 44
INST game_logic__GB4 PIN 465: GENOME game_logic__GB4 PIN 465
GENOME game_logic__GB3 PIN 44: INST game_logic__GB3 PIN 44
GENOME game_logic__GB4 PIN 465: INST game_logic__GB4 PIN 465
INST game_logic__GB3 PIN 45: INST game_logic__GB4 PIN 466 GENOME game_logic__GB3 PIN 45
INST game_logic__GB4 PIN 466: GENOME game_logic__GB4 PIN 466
GENOME game_logic__GB3 PIN 45: INST game_logic__GB3 PIN 45
GENOME game_logic__GB4 PIN 466: INST game_logic__GB4 PIN 466
INST game_logic__GB3 PIN 46: INST game_logic__GB4 PIN 467 GENOME game_logic__GB3 PIN 46
INST game_logic__GB4 PIN 467: GENOME game_logic__GB4 PIN 467
GENOME game_logic__GB3 PIN 46: INST game_logic__GB3 PIN 46
GENOME game_logic__GB4 PIN 467: INST game_logic__GB4 PIN 467
INST game_logic__GB3 PIN 47: INST game_logic__GB4 PIN 468 GENOME game_logic__GB3 PIN 47
INST game_logic__GB4 PIN 468: GENOME game_logic__GB4 PIN 468
GENOME game_logic__GB3 PIN 47: INST game_logic__GB3 PIN 47
GENOME game_logic__GB4 PIN 468: INST game_logic__GB4 PIN 468
INST game_logic__GB3 PIN 48: INST game_logic__GB4 PIN 469 GENOME game_logic__GB3 PIN 48
INST game_logic__GB4 PIN 469: GENOME game_logic__GB4 PIN 469
GENOME game_logic__GB3 PIN 48: INST game_logic__GB3 PIN 48
GENOME game_logic__GB4 PIN 469: INST game_logic__GB4 PIN 469
INST game_logic__GB3 PIN 49: INST game_logic__GB4 PIN 470 GENOME game_logic__GB3 PIN 49
INST game_logic__GB4 PIN 470: GENOME game_logic__GB4 PIN 470
GENOME game_logic__GB3 PIN 49: INST game_logic__GB3 PIN 49
GENOME game_logic__GB4 PIN 470: INST game_logic__GB4 PIN 470
INST game_logic__GB3 PIN 50: INST game_logic__GB4 PIN 471 GENOME game_logic__GB3 PIN 50
INST game_logic__GB4 PIN 471: GENOME game_logic__GB4 PIN 471
GENOME game_logic__GB3 PIN 50: INST game_logic__GB3 PIN 50
GENOME game_logic__GB4 PIN 471: INST game_logic__GB4 PIN 471
INST game_logic__GB3 PIN 51: INST game_logic__GB4 PIN 472 GENOME game_logic__GB3 PIN 51
INST game_logic__GB4 PIN 472: GENOME game_logic__GB4 PIN 472
GENOME game_logic__GB3 PIN 51: INST game_logic__GB3 PIN 51
GENOME game_logic__GB4 PIN 472: INST game_logic__GB4 PIN 472
INST game_logic__GB3 PIN 52: INST game_logic__GB4 PIN 473 GENOME game_logic__GB3 PIN 52
INST game_logic__GB4 PIN 473: GENOME game_logic__GB4 PIN 473
GENOME game_logic__GB3 PIN 52: INST game_logic__GB3 PIN 52
GENOME game_logic__GB4 PIN 473: INST game_logic__GB4 PIN 473
INST game_logic__GB3 PIN 53: INST game_logic__GB4 PIN 474 GENOME game_logic__GB3 PIN 53
INST game_logic__GB4 PIN 474: GENOME game_logic__GB4 PIN 474
GENOME game_logic__GB3 PIN 53: INST game_logic__GB3 PIN 53
GENOME game_logic__GB4 PIN 474: INST game_logic__GB4 PIN 474
INST game_logic__GB3 PIN 54: INST game_logic__GB4 PIN 475 GENOME game_logic__GB3 PIN 54
INST game_logic__GB4 PIN 475: GENOME game_logic__GB4 PIN 475
GENOME game_logic__GB3 PIN 54: INST game_logic__GB3 PIN 54
GENOME game_logic__GB4 PIN 475: INST game_logic__GB4 PIN 475
INST game_logic__GB3 PIN 55: INST game_logic__GB4 PIN 476 GENOME game_logic__GB3 PIN 55
INST game_logic__GB4 PIN 476: GENOME game_logic__GB4 PIN 476
GENOME game_logic__GB3 PIN 55: INST game_logic__GB3 PIN 55
GENOME game_logic__GB4 PIN 476: INST game_logic__GB4 PIN 476
INST game_logic__GB3 PIN 56: INST game_logic__GB4 PIN 477 GENOME game_logic__GB3 PIN 56
INST game_logic__GB4 PIN 477: GENOME game_logic__GB4 PIN 477
GENOME game_logic__GB3 PIN 56: INST game_logic__GB3 PIN 56
GENOME game_logic__GB4 PIN 477: INST game_logic__GB4 PIN 477
INST game_logic__GB3 PIN 57: INST game_logic__GB4 PIN 478 GENOME game_logic__GB3 PIN 57
INST game_logic__GB4 PIN 478: GENOME game_logic__GB4 PIN 478
GENOME game_logic__GB3 PIN 57: INST game_logic__GB3 PIN 57
GENOME game_logic__GB4 PIN 478: INST game_logic__GB4 PIN 478
INST game_logic__GB3 PIN 58: INST game_logic__GB4 PIN 479 GENOME game_logic__GB3 PIN 58
INST game_logic__GB4 PIN 479: GENOME game_logic__GB4 PIN 479
GENOME game_logic__GB3 PIN 58: INST game_logic__GB3 PIN 58
GENOME game_logic__GB4 PIN 479: INST game_logic__GB4 PIN 479
INST game_logic__GB3 PIN 59: INST game_logic__GB4 PIN 480 GENOME game_logic__GB3 PIN 59
INST game_logic__GB4 PIN 480: GENOME game_logic__GB4 PIN 480
GENOME game_logic__GB3 PIN 59: INST game_logic__GB3 PIN 59
GENOME game_logic__GB4 PIN 480: INST game_logic__GB4 PIN 480
INST game_logic__GB3 PIN 60: INST game_logic__GB4 PIN 481 GENOME game_logic__GB3 PIN 60
INST game_logic__GB4 PIN 481: GENOME game_logic__GB4 PIN 481
GENOME game_logic__GB3 PIN 60: INST game_logic__GB3 PIN 60
GENOME game_logic__GB4 PIN 481: INST game_logic__GB4 PIN 481
INST game_logic__GB3 PIN 61: INST game_logic__GB4 PIN 482 GENOME game_logic__GB3 PIN 61
INST game_logic__GB4 PIN 482: GENOME game_logic__GB4 PIN 482
GENOME game_logic__GB3 PIN 61: INST game_logic__GB3 PIN 61
GENOME game_logic__GB4 PIN 482: INST game_logic__GB4 PIN 482
INST game_logic__GB3 PIN 62: INST game_logic__GB4 PIN 483 GENOME game_logic__GB3 PIN 62
INST game_logic__GB4 PIN 483: GENOME game_logic__GB4 PIN 483
GENOME game_logic__GB3 PIN 62: INST game_logic__GB3 PIN 62
GENOME game_logic__GB4 PIN 483: INST game_logic__GB4 PIN 483
INST game_logic__GB3 PIN 63: INST game_logic__GB4 PIN 484 GENOME game_logic__GB3 PIN 63
INST game_logic__GB4 PIN 484: GENOME game_logic__GB4 PIN 484
GENOME game_logic__GB3 PIN 63: INST game_logic__GB3 PIN 63
GENOME game_logic__GB4 PIN 484: INST game_logic__GB4 PIN 484
INST game_logic__GB3 PIN 64: INST game_logic__GB4 PIN 485 GENOME game_logic__GB3 PIN 64
INST game_logic__GB4 PIN 485: GENOME game_logic__GB4 PIN 485
GENOME game_logic__GB3 PIN 64: INST game_logic__GB3 PIN 64
GENOME game_logic__GB4 PIN 485: INST game_logic__GB4 PIN 485
INST game_logic__GB3 PIN 65: INST game_logic__GB4 PIN 486 GENOME game_logic__GB3 PIN 65
INST game_logic__GB4 PIN 486: GENOME game_logic__GB4 PIN 486
GENOME game_logic__GB3 PIN 65: INST game_logic__GB3 PIN 65
GENOME game_logic__GB4 PIN 486: INST game_logic__GB4 PIN 486
INST game_logic__GB3 PIN 66: INST game_logic__GB4 PIN 487 GENOME game_logic__GB3 PIN 66
INST game_logic__GB4 PIN 487: GENOME game_logic__GB4 PIN 487
GENOME game_logic__GB3 PIN 66: INST game_logic__GB3 PIN 66
GENOME game_logic__GB4 PIN 487: INST game_logic__GB4 PIN 487
INST game_logic__GB4 PIN 45: INST game_logic__GB4 PIN 47 INST game_logic__GB3 PIN 202 INST game_logic__GB2 PIN 252
INST game_logic__GB4 PIN 47: INST game_logic__GB4 PIN 45 GENOME game_logic__GB4 PIN 47
GENOME game_logic__GB4 PIN 47: INST game_logic__GB4 PIN 47
GENOME game_logic__GB4 PIN 45: INST game_logic__GB4 PIN 45
INST game_logic__GB4 PIN 15: INST game_logic__GB4 PIN 134 INST game_logic__GB3 PIN 204
INST game_logic__GB4 PIN 134: INST game_logic__GB4 PIN 15 GENOME game_logic__GB4 PIN 134
GENOME game_logic__GB4 PIN 134: INST game_logic__GB4 PIN 134
GENOME game_logic__GB4 PIN 15: INST game_logic__GB4 PIN 15
INST game_logic__GB4 PIN 17: INST game_logic__GB4 PIN 19 INST game_logic__GB3 PIN 206
INST game_logic__GB4 PIN 19: INST game_logic__GB4 PIN 17 GENOME game_logic__GB4 PIN 19
GENOME game_logic__GB4 PIN 19: INST game_logic__GB4 PIN 19
GENOME game_logic__GB4 PIN 17: INST game_logic__GB4 PIN 17
INST game_logic__GB4 PIN 67: INST game_logic__GB4 PIN 84 INST game_logic__GB2 PIN 241
INST game_logic__GB4 PIN 84: INST game_logic__GB4 PIN 67 GENOME game_logic__GB4 PIN 84
GENOME game_logic__GB4 PIN 84: INST game_logic__GB4 PIN 84
GENOME game_logic__GB4 PIN 67: INST game_logic__GB4 PIN 67
INST game_logic__GB3 PIN 74: INST game_logic__GB3 PIN 75 INST game_logic__GB2 PIN 251 INST game_logic__GB1 PIN 201
INST game_logic__GB3 PIN 75: INST game_logic__GB3 PIN 74 GENOME game_logic__GB3 PIN 75
INST game_logic__GB2 PIN 251: GENOME game_logic__GB2 PIN 251 INST game_logic__GB3 PIN 74
GENOME game_logic__GB3 PIN 75: INST game_logic__GB3 PIN 75
GENOME game_logic__GB2 PIN 251: INST game_logic__GB2 PIN 251
GENOME game_logic__GB3 PIN 74: INST game_logic__GB3 PIN 74
INST game_logic__GB4 PIN 21: INST game_logic__GB4 PIN 79 INST game_logic__GB1 PIN 199
INST game_logic__GB4 PIN 79: INST game_logic__GB4 PIN 21 GENOME game_logic__GB4 PIN 79
GENOME game_logic__GB4 PIN 79: INST game_logic__GB4 PIN 79
GENOME game_logic__GB4 PIN 21: INST game_logic__GB4 PIN 21
INST game_logic__GB3 PIN 39: INST game_logic__GB3 PIN 72 INST game_logic__GB1 PIN 202
INST game_logic__GB3 PIN 72: INST game_logic__GB3 PIN 39 GENOME game_logic__GB3 PIN 72
GENOME game_logic__GB3 PIN 72: INST game_logic__GB3 PIN 72
GENOME game_logic__GB3 PIN 39: INST game_logic__GB3 PIN 39
INST game_logic__GB3 PIN 1: INST game_logic__GB3 PIN 35 INST game_logic__GB1 PIN 204
INST game_logic__GB3 PIN 35: INST game_logic__GB3 PIN 1 GENOME game_logic__GB3 PIN 35
GENOME game_logic__GB3 PIN 35: INST game_logic__GB3 PIN 35
GENOME game_logic__GB3 PIN 1: INST game_logic__GB3 PIN 1
INST game_logic__GB3 PIN 89: INST game_logic__GB3 PIN 91 INST game_logic__GB1 PIN 205
INST game_logic__GB3 PIN 91: INST game_logic__GB3 PIN 89 GENOME game_logic__GB3 PIN 91
GENOME game_logic__GB3 PIN 91: INST game_logic__GB3 PIN 91
GENOME game_logic__GB3 PIN 89: INST game_logic__GB3 PIN 89
INST game_logic__GB4 PIN 27: INST game_logic__GB4 PIN 58 INST game_logic__GB1 PIN 207
INST game_logic__GB4 PIN 58: INST game_logic__GB4 PIN 27 GENOME game_logic__GB4 PIN 58
GENOME game_logic__GB4 PIN 58: INST game_logic__GB4 PIN 58
GENOME game_logic__GB4 PIN 27: INST game_logic__GB4 PIN 27
INST game_logic__GB4 PIN 32: INST game_logic__GB4 PIN 34
INST game_logic__GB4 PIN 34: INST game_logic__GB4 PIN 32 GENOME game_logic__GB4 PIN 34
GENOME game_logic__GB4 PIN 34: INST game_logic__GB4 PIN 34
GENOME game_logic__GB4 PIN 32: INST game_logic__GB4 PIN 32
INST game_logic__GB3 PIN 175: INST game_logic__GB3 PIN 191
INST game_logic__GB3 PIN 191: INST game_logic__GB3 PIN 175 GENOME game_logic__GB3 PIN 191
GENOME game_logic__GB3 PIN 191: INST game_logic__GB3 PIN 191
GENOME game_logic__GB3 PIN 175: INST game_logic__GB3 PIN 175
INST game_logic__GB4 PIN 1: INST game_logic__GB4 PIN 5
INST game_logic__GB4 PIN 5: INST game_logic__GB4 PIN 1 GENOME game_logic__GB4 PIN 5
GENOME game_logic__GB4 PIN 5: INST game_logic__GB4 PIN 5
GENOME game_logic__GB4 PIN 1: INST game_logic__GB4 PIN 1
INST game_logic__GB4 PIN 120: INST game_logic__GB4 PIN 146
INST game_logic__GB4 PIN 146: INST game_logic__GB4 PIN 120 GENOME game_logic__GB4 PIN 146
GENOME game_logic__GB4 PIN 146: INST game_logic__GB4 PIN 146
GENOME game_logic__GB4 PIN 120: INST game_logic__GB4 PIN 120
INST game_logic__GB3 PIN 95: INST game_logic__GB3 PIN 167
INST game_logic__GB3 PIN 167: INST game_logic__GB3 PIN 95 GENOME game_logic__GB3 PIN 167
GENOME game_logic__GB3 PIN 167: INST game_logic__GB3 PIN 167
GENOME game_logic__GB3 PIN 95: INST game_logic__GB3 PIN 95
INST game_logic__GB4 PIN 16: INST game_logic__GB4 PIN 89
INST game_logic__GB4 PIN 89: INST game_logic__GB4 PIN 16 GENOME game_logic__GB4 PIN 89
GENOME game_logic__GB4 PIN 89: INST game_logic__GB4 PIN 89
GENOME game_logic__GB4 PIN 16: INST game_logic__GB4 PIN 16
INST game_logic__GB4 PIN 284: INST game_logic__GB4 PIN 385
INST game_logic__GB4 PIN 385: INST game_logic__GB4 PIN 284 GENOME game_logic__GB4 PIN 385
GENOME game_logic__GB4 PIN 385: INST game_logic__GB4 PIN 385
GENOME game_logic__GB4 PIN 284: INST game_logic__GB4 PIN 284
INST game_logic__GB4 PIN 276: INST game_logic__GB4 PIN 376
INST game_logic__GB4 PIN 376: INST game_logic__GB4 PIN 276 GENOME game_logic__GB4 PIN 376
GENOME game_logic__GB4 PIN 376: INST game_logic__GB4 PIN 376
GENOME game_logic__GB4 PIN 276: INST game_logic__GB4 PIN 276
INST game_logic__GB3 PIN 134: INST game_logic__GB3 PIN 141
INST game_logic__GB3 PIN 141: INST game_logic__GB3 PIN 134 GENOME game_logic__GB3 PIN 141
GENOME game_logic__GB3 PIN 141: INST game_logic__GB3 PIN 141
GENOME game_logic__GB3 PIN 134: INST game_logic__GB3 PIN 134
INST game_logic__GB3 PIN 124: INST game_logic__GB3 PIN 129
INST game_logic__GB3 PIN 129: INST game_logic__GB3 PIN 124 GENOME game_logic__GB3 PIN 129
GENOME game_logic__GB3 PIN 129: INST game_logic__GB3 PIN 129
GENOME game_logic__GB3 PIN 124: INST game_logic__GB3 PIN 124
INST game_logic__GB4 PIN 91: INST game_logic__GB4 PIN 175
INST game_logic__GB4 PIN 175: INST game_logic__GB4 PIN 91 GENOME game_logic__GB4 PIN 175
GENOME game_logic__GB4 PIN 175: INST game_logic__GB4 PIN 175
GENOME game_logic__GB4 PIN 91: INST game_logic__GB4 PIN 91
INST game_logic__GB3 PIN 2: INST game_logic__GB4 PIN 426 INST game_logic__GB2 PIN 201 INST game_logic__GB1 PIN 166 GENOME game_logic__GB3 PIN 2
INST game_logic__GB4 PIN 426: GENOME game_logic__GB4 PIN 426
INST game_logic__GB2 PIN 201: GENOME game_logic__GB2 PIN 201
INST game_logic__GB1 PIN 166: GENOME game_logic__GB1 PIN 166
GENOME game_logic__GB3 PIN 2: INST game_logic__GB3 PIN 2
GENOME game_logic__GB4 PIN 426: INST game_logic__GB4 PIN 426
GENOME game_logic__GB2 PIN 201: INST game_logic__GB2 PIN 201
GENOME game_logic__GB1 PIN 166: INST game_logic__GB1 PIN 166
INST game_logic__GB2 PIN 250: GENOME game_logic__GB2 PIN 250
GENOME game_logic__GB2 PIN 250: INST game_logic__GB2 PIN 250
INST game_logic__GB4 PIN 43: INST game_logic__GB2 PIN 247 GENOME game_logic__GB4 PIN 43
INST game_logic__GB2 PIN 247: GENOME game_logic__GB2 PIN 247
GENOME game_logic__GB4 PIN 43: INST game_logic__GB4 PIN 43
GENOME game_logic__GB2 PIN 247: INST game_logic__GB2 PIN 247
INST game_logic__GB4 PIN 93: GENOME game_logic__GB4 PIN 93
GENOME game_logic__GB4 PIN 93: INST game_logic__GB4 PIN 93
INST game_logic__GB4 PIN 42: GENOME game_logic__GB4 PIN 42
GENOME game_logic__GB4 PIN 42: INST game_logic__GB4 PIN 42
INST game_logic__GB4 PIN 272: GENOME game_logic__GB4 PIN 272
GENOME game_logic__GB4 PIN 272: INST game_logic__GB4 PIN 272
INST game_logic__GB4 PIN 406: GENOME game_logic__GB4 PIN 406
GENOME game_logic__GB4 PIN 406: INST game_logic__GB4 PIN 406
INST game_logic__GB4 PIN 408: GENOME game_logic__GB4 PIN 408
GENOME game_logic__GB4 PIN 408: INST game_logic__GB4 PIN 408
INST game_logic__GB1 PIN 122: GENOME game_logic__GB1 PIN 122
GENOME game_logic__GB1 PIN 122: INST game_logic__GB1 PIN 122
INST game_logic__GB1 PIN 123: GENOME game_logic__GB1 PIN 123
GENOME game_logic__GB1 PIN 123: INST game_logic__GB1 PIN 123
INST game_logic__GB4 PIN 414: GENOME game_logic__GB4 PIN 414
GENOME game_logic__GB4 PIN 414: INST game_logic__GB4 PIN 414
INST game_logic__GB2 PIN 149: GENOME game_logic__GB2 PIN 149
GENOME game_logic__GB2 PIN 149: INST game_logic__GB2 PIN 149
INST game_logic__GB1 PIN 125: GENOME game_logic__GB1 PIN 125
GENOME game_logic__GB1 PIN 125: INST game_logic__GB1 PIN 125
INST game_logic__GB4 PIN 419: GENOME game_logic__GB4 PIN 419
GENOME game_logic__GB4 PIN 419: INST game_logic__GB4 PIN 419
INST game_logic__GB4 PIN 420: GENOME game_logic__GB4 PIN 420
GENOME game_logic__GB4 PIN 420: INST game_logic__GB4 PIN 420
INST game_logic__GB1 PIN 126: GENOME game_logic__GB1 PIN 126
GENOME game_logic__GB1 PIN 126: INST game_logic__GB1 PIN 126
INST game_logic__GB2 PIN 152: GENOME game_logic__GB2 PIN 152
GENOME game_logic__GB2 PIN 152: INST game_logic__GB2 PIN 152
INST game_logic__GB1 PIN 128: GENOME game_logic__GB1 PIN 128
GENOME game_logic__GB1 PIN 128: INST game_logic__GB1 PIN 128
INST game_logic__GB2 PIN 156: GENOME game_logic__GB2 PIN 156
GENOME game_logic__GB2 PIN 156: INST game_logic__GB2 PIN 156
INST game_logic__GB2 PIN 50: INST game_logic__GB2 PIN 64
INST game_logic__GB2 PIN 64: INST game_logic__GB2 PIN 50 GENOME game_logic__GB2 PIN 64
GENOME game_logic__GB2 PIN 64: INST game_logic__GB2 PIN 64
GENOME game_logic__GB2 PIN 50: INST game_logic__GB2 PIN 50
INST game_logic__GB2 PIN 155: GENOME game_logic__GB2 PIN 155
GENOME game_logic__GB2 PIN 155: INST game_logic__GB2 PIN 155
INST game_logic__GB2 PIN 170: GENOME game_logic__GB2 PIN 170
GENOME game_logic__GB2 PIN 170: INST game_logic__GB2 PIN 170
INST game_logic__GB2 PIN 181: GENOME game_logic__GB2 PIN 181
GENOME game_logic__GB2 PIN 181: INST game_logic__GB2 PIN 181
INST game_logic__GB2 PIN 199: GENOME game_logic__GB2 PIN 199
GENOME game_logic__GB2 PIN 199: INST game_logic__GB2 PIN 199
INST game_logic__GB2 PIN 114: GENOME game_logic__GB2 PIN 114
GENOME game_logic__GB2 PIN 114: INST game_logic__GB2 PIN 114
INST game_logic__GB2 PIN 57: GENOME game_logic__GB2 PIN 57
GENOME game_logic__GB2 PIN 57: INST game_logic__GB2 PIN 57
INST game_logic__GB2 PIN 153: GENOME game_logic__GB2 PIN 153
GENOME game_logic__GB2 PIN 153: INST game_logic__GB2 PIN 153
INST game_logic__GB2 PIN 21: GENOME game_logic__GB2 PIN 21
GENOME game_logic__GB2 PIN 21: INST game_logic__GB2 PIN 21
INST game_logic__GB2 PIN 34: GENOME game_logic__GB2 PIN 34
GENOME game_logic__GB2 PIN 34: INST game_logic__GB2 PIN 34
INST game_logic__GB2 PIN 41: GENOME game_logic__GB2 PIN 41
GENOME game_logic__GB2 PIN 41: INST game_logic__GB2 PIN 41
INST game_logic__GB2 PIN 51: GENOME game_logic__GB2 PIN 51
GENOME game_logic__GB2 PIN 51: INST game_logic__GB2 PIN 51
INST game_logic__GB2 PIN 66: GENOME game_logic__GB2 PIN 66
GENOME game_logic__GB2 PIN 66: INST game_logic__GB2 PIN 66
INST game_logic__GB2 PIN 68: GENOME game_logic__GB2 PIN 68
GENOME game_logic__GB2 PIN 68: INST game_logic__GB2 PIN 68
INST game_logic__GB2 PIN 100: GENOME game_logic__GB2 PIN 100
GENOME game_logic__GB2 PIN 100: INST game_logic__GB2 PIN 100
INST game_logic__GB2 PIN 121: GENOME game_logic__GB2 PIN 121
GENOME game_logic__GB2 PIN 121: INST game_logic__GB2 PIN 121
INST game_logic__GB2 PIN 131: GENOME game_logic__GB2 PIN 131
GENOME game_logic__GB2 PIN 131: INST game_logic__GB2 PIN 131
INST game_logic__GB2 PIN 158: GENOME game_logic__GB2 PIN 158
GENOME game_logic__GB2 PIN 158: INST game_logic__GB2 PIN 158
