
*** Running vivado
    with args -log FloodIt.vds -m64 -product Vivado -mode batch -messageDb vivado.pb -notrace -source FloodIt.tcl



****** Vivado v2025.1 (64-bit)
  **** SW Build 6140274 on Thu May 22 00:12:29 MDT 2025
  **** IP Build 6138677 on Thu May 22 03:10:11 MDT 2025
  **** SharedData Build 6139179 on Tue May 20 17:58:58 MDT 2025
  **** Start of session at: Fri Dec  5 11:26:20 2025
    ** Copyright 1986-2022 Xilinx, Inc. All Rights Reserved.
    ** Copyright 2022-2025 Advanced Micro Devices, Inc. All Rights Reserved.

source FloodIt.tcl -notrace
Command: read_checkpoint -auto_incremental -incremental C:/Users/rdo15/OneDrive/Desktop/FloodItProjectGithub/M152A_Flood_It/project_1/project_1.srcs/utils_1/imports/synth_1/FloodIt.dcp
INFO: [Vivado 12-5825] Read reference checkpoint from C:/Users/rdo15/OneDrive/Desktop/FloodItProjectGithub/M152A_Flood_It/project_1/project_1.srcs/utils_1/imports/synth_1/FloodIt.dcp for incremental synthesis
INFO: [Vivado 12-7989] Please ensure there are no constraint changes
Command: synth_design -top FloodIt -part xc7a35tcpg236-1
Starting synth_design
Attempting to get a license for feature 'Synthesis' and/or device 'xc7a35t'
INFO: [Common 17-349] Got license for feature 'Synthesis' and/or device 'xc7a35t'
INFO: [Device 21-403] Loading part xc7a35tcpg236-1
INFO: [Synth 8-7079] Multithreading enabled for synth_design using a maximum of 2 processes.
INFO: [Synth 8-7078] Launching helper process for spawning children vivado processes
INFO: [Synth 8-7075] Helper process launched with PID 21356
---------------------------------------------------------------------------------
Starting RTL Elaboration : Time (s): cpu = 00:00:06 ; elapsed = 00:00:08 . Memory (MB): peak = 1178.656 ; gain = 493.586
---------------------------------------------------------------------------------
INFO: [Synth 8-11241] undeclared symbol 'COLOR_NUM', assumed default net type 'wire' [C:/Users/rdo15/OneDrive/Desktop/FloodItProjectGithub/M152A_Flood_It/FloodIt.v:74]
INFO: [Synth 8-11241] undeclared symbol 'SIZE', assumed default net type 'wire' [C:/Users/rdo15/OneDrive/Desktop/FloodItProjectGithub/M152A_Flood_It/FloodIt.v:75]
INFO: [Synth 8-11241] undeclared symbol 'sORc', assumed default net type 'wire' [C:/Users/rdo15/OneDrive/Desktop/FloodItProjectGithub/M152A_Flood_It/FloodIt.v:76]
INFO: [Synth 8-11241] undeclared symbol 'MODE', assumed default net type 'wire' [C:/Users/rdo15/OneDrive/Desktop/FloodItProjectGithub/M152A_Flood_It/FloodIt.v:77]
INFO: [Synth 8-11241] undeclared symbol 'TRIES', assumed default net type 'wire' [C:/Users/rdo15/OneDrive/Desktop/FloodItProjectGithub/M152A_Flood_It/FloodIt.v:78]
INFO: [Synth 8-11241] undeclared symbol 'TOTAL_TRIES', assumed default net type 'wire' [C:/Users/rdo15/OneDrive/Desktop/FloodItProjectGithub/M152A_Flood_It/FloodIt.v:79]
INFO: [Synth 8-11241] undeclared symbol 'final_COLOR_NUM', assumed default net type 'wire' [C:/Users/rdo15/OneDrive/Desktop/FloodItProjectGithub/M152A_Flood_It/FloodIt.v:85]
INFO: [Synth 8-11241] undeclared symbol 'BEGIN_GAME', assumed default net type 'wire' [C:/Users/rdo15/OneDrive/Desktop/FloodItProjectGithub/M152A_Flood_It/FloodIt.v:87]
INFO: [Synth 8-11241] undeclared symbol 'INITIALIZE_BOARD', assumed default net type 'wire' [C:/Users/rdo15/OneDrive/Desktop/FloodItProjectGithub/M152A_Flood_It/FloodIt.v:88]
INFO: [Synth 8-11241] undeclared symbol 'ACK_BEGIN_GAME', assumed default net type 'wire' [C:/Users/rdo15/OneDrive/Desktop/FloodItProjectGithub/M152A_Flood_It/FloodIt.v:89]
INFO: [Synth 8-11241] undeclared symbol 'INIT_INIT', assumed default net type 'wire' [C:/Users/rdo15/OneDrive/Desktop/FloodItProjectGithub/M152A_Flood_It/FloodIt.v:90]
INFO: [Synth 8-11241] undeclared symbol 'BOARD_READY', assumed default net type 'wire' [C:/Users/rdo15/OneDrive/Desktop/FloodItProjectGithub/M152A_Flood_It/FloodIt.v:91]
WARNING: [Synth 8-8895] 'MODE' is already implicitly declared on line 77 [C:/Users/rdo15/OneDrive/Desktop/FloodItProjectGithub/M152A_Flood_It/FloodIt.v:95]
WARNING: [Synth 8-8895] 'TRIES' is already implicitly declared on line 78 [C:/Users/rdo15/OneDrive/Desktop/FloodItProjectGithub/M152A_Flood_It/FloodIt.v:96]
WARNING: [Synth 8-8895] 'TOTAL_TRIES' is already implicitly declared on line 79 [C:/Users/rdo15/OneDrive/Desktop/FloodItProjectGithub/M152A_Flood_It/FloodIt.v:97]
WARNING: [Synth 8-8895] 'final_COLOR_NUM' is already implicitly declared on line 85 [C:/Users/rdo15/OneDrive/Desktop/FloodItProjectGithub/M152A_Flood_It/FloodIt.v:99]
WARNING: [Synth 8-8895] 'sORc' is already implicitly declared on line 76 [C:/Users/rdo15/OneDrive/Desktop/FloodItProjectGithub/M152A_Flood_It/FloodIt.v:100]
WARNING: [Synth 8-8895] 'SIZE' is already implicitly declared on line 75 [C:/Users/rdo15/OneDrive/Desktop/FloodItProjectGithub/M152A_Flood_It/FloodIt.v:102]
INFO: [Synth 8-11241] undeclared symbol 'CHANGING_COLOR', assumed default net type 'wire' [C:/Users/rdo15/OneDrive/Desktop/FloodItProjectGithub/M152A_Flood_It/FloodIt.v:124]
INFO: [Synth 8-11241] undeclared symbol 'COLOR_SEL_SIG', assumed default net type 'wire' [C:/Users/rdo15/OneDrive/Desktop/FloodItProjectGithub/M152A_Flood_It/FloodIt.v:125]
INFO: [Synth 8-11241] undeclared symbol 'COLOR_SELECTED', assumed default net type 'wire' [C:/Users/rdo15/OneDrive/Desktop/FloodItProjectGithub/M152A_Flood_It/FloodIt.v:126]
WARNING: [Synth 8-8895] 'INITIALIZE_BOARD' is already implicitly declared on line 88 [C:/Users/rdo15/OneDrive/Desktop/FloodItProjectGithub/M152A_Flood_It/FloodIt.v:144]
WARNING: [Synth 8-8895] 'BOARD_READY' is already implicitly declared on line 91 [C:/Users/rdo15/OneDrive/Desktop/FloodItProjectGithub/M152A_Flood_It/FloodIt.v:145]
INFO: [Synth 8-11241] undeclared symbol 'INITIAL_BOARD', assumed default net type 'wire' [C:/Users/rdo15/OneDrive/Desktop/FloodItProjectGithub/M152A_Flood_It/FloodIt.v:153]
WARNING: [Synth 8-8895] 'INIT_INIT' is already implicitly declared on line 90 [C:/Users/rdo15/OneDrive/Desktop/FloodItProjectGithub/M152A_Flood_It/FloodIt.v:159]
WARNING: [Synth 8-8895] 'CHANGING_COLOR' is already implicitly declared on line 124 [C:/Users/rdo15/OneDrive/Desktop/FloodItProjectGithub/M152A_Flood_It/FloodIt.v:160]
WARNING: [Synth 8-8895] 'COLOR_SEL_SIG' is already implicitly declared on line 125 [C:/Users/rdo15/OneDrive/Desktop/FloodItProjectGithub/M152A_Flood_It/FloodIt.v:161]
WARNING: [Synth 8-8895] 'COLOR_SELECTED' is already implicitly declared on line 126 [C:/Users/rdo15/OneDrive/Desktop/FloodItProjectGithub/M152A_Flood_It/FloodIt.v:162]
WARNING: [Synth 8-8895] 'BEGIN_GAME' is already implicitly declared on line 87 [C:/Users/rdo15/OneDrive/Desktop/FloodItProjectGithub/M152A_Flood_It/FloodIt.v:163]
WARNING: [Synth 8-8895] 'ACK_BEGIN_GAME' is already implicitly declared on line 89 [C:/Users/rdo15/OneDrive/Desktop/FloodItProjectGithub/M152A_Flood_It/FloodIt.v:164]
WARNING: [Synth 8-8895] 'COLOR_NUM' is already implicitly declared on line 74 [C:/Users/rdo15/OneDrive/Desktop/FloodItProjectGithub/M152A_Flood_It/FloodIt.v:165]
WARNING: [Synth 8-8895] 'INITIAL_BOARD' is already implicitly declared on line 153 [C:/Users/rdo15/OneDrive/Desktop/FloodItProjectGithub/M152A_Flood_It/FloodIt.v:169]
INFO: [Synth 8-6157] synthesizing module 'FloodIt' [C:/Users/rdo15/OneDrive/Desktop/FloodItProjectGithub/M152A_Flood_It/FloodIt.v:1]
INFO: [Synth 8-6157] synthesizing module 'clk_div' [C:/Users/rdo15/OneDrive/Desktop/FloodItProjectGithub/M152A_Flood_It/clk_div.v:1]
INFO: [Synth 8-6155] done synthesizing module 'clk_div' (0#1) [C:/Users/rdo15/OneDrive/Desktop/FloodItProjectGithub/M152A_Flood_It/clk_div.v:1]
INFO: [Synth 8-6157] synthesizing module 'btn_deb' [C:/Users/rdo15/OneDrive/Desktop/FloodItProjectGithub/M152A_Flood_It/btn_deb.v:1]
INFO: [Synth 8-6155] done synthesizing module 'btn_deb' (0#1) [C:/Users/rdo15/OneDrive/Desktop/FloodItProjectGithub/M152A_Flood_It/btn_deb.v:1]
INFO: [Synth 8-6157] synthesizing module 'digit_display' [C:/Users/rdo15/OneDrive/Desktop/FloodItProjectGithub/M152A_Flood_It/digit_display.v:1]
INFO: [Synth 8-6155] done synthesizing module 'digit_display' (0#1) [C:/Users/rdo15/OneDrive/Desktop/FloodItProjectGithub/M152A_Flood_It/digit_display.v:1]
INFO: [Synth 8-6157] synthesizing module 'leds_set' [C:/Users/rdo15/OneDrive/Desktop/FloodItProjectGithub/M152A_Flood_It/leds_set.v:1]
INFO: [Synth 8-6155] done synthesizing module 'leds_set' (0#1) [C:/Users/rdo15/OneDrive/Desktop/FloodItProjectGithub/M152A_Flood_It/leds_set.v:1]
INFO: [Synth 8-6157] synthesizing module 'select' [C:/Users/rdo15/OneDrive/Desktop/FloodItProjectGithub/M152A_Flood_It/select.v:1]
INFO: [Synth 8-155] case statement is not full and has no default [C:/Users/rdo15/OneDrive/Desktop/FloodItProjectGithub/M152A_Flood_It/select.v:60]
INFO: [Synth 8-155] case statement is not full and has no default [C:/Users/rdo15/OneDrive/Desktop/FloodItProjectGithub/M152A_Flood_It/select.v:72]
INFO: [Synth 8-155] case statement is not full and has no default [C:/Users/rdo15/OneDrive/Desktop/FloodItProjectGithub/M152A_Flood_It/select.v:84]
INFO: [Synth 8-155] case statement is not full and has no default [C:/Users/rdo15/OneDrive/Desktop/FloodItProjectGithub/M152A_Flood_It/select.v:96]
INFO: [Synth 8-155] case statement is not full and has no default [C:/Users/rdo15/OneDrive/Desktop/FloodItProjectGithub/M152A_Flood_It/select.v:108]
INFO: [Synth 8-155] case statement is not full and has no default [C:/Users/rdo15/OneDrive/Desktop/FloodItProjectGithub/M152A_Flood_It/select.v:120]
INFO: [Synth 8-155] case statement is not full and has no default [C:/Users/rdo15/OneDrive/Desktop/FloodItProjectGithub/M152A_Flood_It/select.v:132]
INFO: [Synth 8-6155] done synthesizing module 'select' (0#1) [C:/Users/rdo15/OneDrive/Desktop/FloodItProjectGithub/M152A_Flood_It/select.v:1]
INFO: [Synth 8-6157] synthesizing module 'generate_board' [C:/Users/rdo15/OneDrive/Desktop/FloodItProjectGithub/M152A_Flood_It/rand.v:1]
INFO: [Synth 8-6155] done synthesizing module 'generate_board' (0#1) [C:/Users/rdo15/OneDrive/Desktop/FloodItProjectGithub/M152A_Flood_It/rand.v:1]
INFO: [Synth 8-6157] synthesizing module 'game_logic' [C:/Users/rdo15/OneDrive/Desktop/FloodItProjectGithub/M152A_Flood_It/game_logic_combined.v:1]
INFO: [Synth 8-155] case statement is not full and has no default [C:/Users/rdo15/OneDrive/Desktop/FloodItProjectGithub/M152A_Flood_It/game_logic_combined.v:141]
INFO: [Synth 8-155] case statement is not full and has no default [C:/Users/rdo15/OneDrive/Desktop/FloodItProjectGithub/M152A_Flood_It/game_logic_combined.v:113]
INFO: [Synth 8-6155] done synthesizing module 'game_logic' (0#1) [C:/Users/rdo15/OneDrive/Desktop/FloodItProjectGithub/M152A_Flood_It/game_logic_combined.v:1]
INFO: [Synth 8-6157] synthesizing module 'displayVGA' [C:/Users/rdo15/OneDrive/Desktop/FloodItProjectGithub/M152A_Flood_It/displayVGA.v:1]
INFO: [Synth 8-226] default block is never used [C:/Users/rdo15/OneDrive/Desktop/FloodItProjectGithub/M152A_Flood_It/displayVGA.v:70]
INFO: [Synth 8-6155] done synthesizing module 'displayVGA' (0#1) [C:/Users/rdo15/OneDrive/Desktop/FloodItProjectGithub/M152A_Flood_It/displayVGA.v:1]
INFO: [Synth 8-6155] done synthesizing module 'FloodIt' (0#1) [C:/Users/rdo15/OneDrive/Desktop/FloodItProjectGithub/M152A_Flood_It/FloodIt.v:1]
WARNING: [Synth 8-6014] Unused sequential element ACK_CENTER_reg was removed.  [C:/Users/rdo15/OneDrive/Desktop/FloodItProjectGithub/M152A_Flood_It/select.v:230]
WARNING: [Synth 8-6014] Unused sequential element current_node_reg was removed.  [C:/Users/rdo15/OneDrive/Desktop/FloodItProjectGithub/M152A_Flood_It/game_logic_combined.v:131]
WARNING: [Synth 8-7129] Port sw[15] in module select is either unconnected or has no load
WARNING: [Synth 8-7129] Port sw[14] in module select is either unconnected or has no load
WARNING: [Synth 8-7129] Port sw[13] in module select is either unconnected or has no load
WARNING: [Synth 8-7129] Port sw[12] in module select is either unconnected or has no load
WARNING: [Synth 8-7129] Port sw[11] in module select is either unconnected or has no load
WARNING: [Synth 8-7129] Port sw[10] in module select is either unconnected or has no load
WARNING: [Synth 8-7129] Port sw[9] in module select is either unconnected or has no load
WARNING: [Synth 8-7129] Port sw[8] in module select is either unconnected or has no load
---------------------------------------------------------------------------------
Finished RTL Elaboration : Time (s): cpu = 00:00:29 ; elapsed = 00:00:36 . Memory (MB): peak = 1966.332 ; gain = 1281.262
---------------------------------------------------------------------------------
---------------------------------------------------------------------------------
Start Handling Custom Attributes
---------------------------------------------------------------------------------
---------------------------------------------------------------------------------
Finished Handling Custom Attributes : Time (s): cpu = 00:00:31 ; elapsed = 00:00:39 . Memory (MB): peak = 1966.332 ; gain = 1281.262
---------------------------------------------------------------------------------
---------------------------------------------------------------------------------
Finished RTL Optimization Phase 1 : Time (s): cpu = 00:00:31 ; elapsed = 00:00:39 . Memory (MB): peak = 1966.332 ; gain = 1281.262
---------------------------------------------------------------------------------
Netlist sorting complete. Time (s): cpu = 00:00:00 ; elapsed = 00:00:00.960 . Memory (MB): peak = 1966.332 ; gain = 0.000
INFO: [Project 1-570] Preparing netlist for logic optimization

Processing XDC Constraints
Initializing timing engine
Parsing XDC File [C:/Users/rdo15/OneDrive/Desktop/FloodItProjectGithub/M152A_Flood_It/mappings.xdc]
Finished Parsing XDC File [C:/Users/rdo15/OneDrive/Desktop/FloodItProjectGithub/M152A_Flood_It/mappings.xdc]
INFO: [Project 1-236] Implementation specific constraints were found while reading constraint file [C:/Users/rdo15/OneDrive/Desktop/FloodItProjectGithub/M152A_Flood_It/mappings.xdc]. These constraints will be ignored for synthesis but will be used in implementation. Impacted constraints are listed in the file [.Xil/FloodIt_propImpl.xdc].
Resolution: To avoid this warning, move constraints listed in [.Xil/FloodIt_propImpl.xdc] to another XDC file and exclude this new file from synthesis with the used_in_synthesis property (File Properties dialog in GUI) and re-run elaboration/synthesis.
Completed Processing XDC Constraints

Netlist sorting complete. Time (s): cpu = 00:00:00 ; elapsed = 00:00:00.030 . Memory (MB): peak = 2050.293 ; gain = 0.000
INFO: [Project 1-111] Unisim Transformation Summary:
No Unisim elements were transformed.

---------------------------------------------------------------------------------
Finished Constraint Validation : Time (s): cpu = 00:00:51 ; elapsed = 00:01:04 . Memory (MB): peak = 2050.293 ; gain = 1365.223
---------------------------------------------------------------------------------
---------------------------------------------------------------------------------
Start Loading Part and Timing Information
---------------------------------------------------------------------------------
Loading part: xc7a35tcpg236-1
---------------------------------------------------------------------------------
Finished Loading Part and Timing Information : Time (s): cpu = 00:00:51 ; elapsed = 00:01:04 . Memory (MB): peak = 2050.293 ; gain = 1365.223
---------------------------------------------------------------------------------
---------------------------------------------------------------------------------
Start Applying 'set_property' XDC Constraints
---------------------------------------------------------------------------------
---------------------------------------------------------------------------------
Finished applying 'set_property' XDC Constraints : Time (s): cpu = 00:00:51 ; elapsed = 00:01:04 . Memory (MB): peak = 2050.293 ; gain = 1365.223
---------------------------------------------------------------------------------
---------------------------------------------------------------------------------
Start Preparing Guide Design
---------------------------------------------------------------------------------
WARNING: [Synth 8-6702] IncrSynth : Design change found in an area of the design that prevents previous synthesis information being used, Reverting to default synthesis
---------------------------------------------------------------------------------
Finished Doing Graph Differ : Time (s): cpu = 00:00:58 ; elapsed = 00:01:14 . Memory (MB): peak = 2113.832 ; gain = 1428.762
---------------------------------------------------------------------------------
---------------------------------------------------------------------------------
Finished Preparing Guide Design : Time (s): cpu = 00:00:58 ; elapsed = 00:01:14 . Memory (MB): peak = 2113.832 ; gain = 1428.762
---------------------------------------------------------------------------------
INFO: [Synth 8-802] inferred FSM for state register 'bfs_state_reg' in module 'game_logic'
WARNING: [Synth 8-327] inferring latch for variable 'led_reg' [C:/Users/rdo15/OneDrive/Desktop/FloodItProjectGithub/M152A_Flood_It/leds_set.v:44]
---------------------------------------------------------------------------------------------------
                   State |                     New Encoding |                Previous Encoding 
---------------------------------------------------------------------------------------------------
                BFS_IDLE |                              000 |                              000
                BFS_INIT |                              001 |                              001
       BFS_PROCESS_QUEUE |                              010 |                              010
                BFS_DONE |                              011 |                              100
     BFS_CHECK_NEIGHBORS |                              100 |                              011
---------------------------------------------------------------------------------------------------
INFO: [Synth 8-3354] encoded FSM with state register 'bfs_state_reg' using encoding 'sequential' in module 'game_logic'
---------------------------------------------------------------------------------
Finished RTL Optimization Phase 2 : Time (s): cpu = 00:01:32 ; elapsed = 00:01:55 . Memory (MB): peak = 2113.832 ; gain = 1428.762
---------------------------------------------------------------------------------


Incremental Synthesis Report Summary:

1. Incremental synthesis run: no

   Reason for not running incremental synthesis : Design change found in an area of the design that prevents previous synthesis information being used


INFO: [Synth 8-7130] Flow is switching to default flow due to incremental criteria not met. If you would like to alter this behaviour and have the flow terminate instead, please set the following parameter config_implementation {autoIncr.Synth.RejectBehavior Terminate}
---------------------------------------------------------------------------------
Start RTL Component Statistics 
---------------------------------------------------------------------------------
Detailed RTL Component Info : 
+---Adders : 
	   2 Input   32 Bit       Adders := 1     
	   3 Input   32 Bit       Adders := 6     
	   2 Input   11 Bit       Adders := 2     
	   2 Input   10 Bit       Adders := 2     
	   2 Input    9 Bit       Adders := 1     
	   2 Input    8 Bit       Adders := 5     
	   2 Input    5 Bit       Adders := 4     
	   2 Input    2 Bit       Adders := 1     
+---XORs : 
	   4 Input      1 Bit         XORs := 1     
+---Registers : 
	               32 Bit    Registers := 1     
	               16 Bit    Registers := 1     
	               10 Bit    Registers := 258   
	                8 Bit    Registers := 5     
	                7 Bit    Registers := 1     
	                5 Bit    Registers := 2     
	                4 Bit    Registers := 3     
	                3 Bit    Registers := 1354  
	                2 Bit    Registers := 1     
	                1 Bit    Registers := 43    
+---Muxes : 
	   2 Input   16 Bit        Muxes := 4     
	   6 Input   16 Bit        Muxes := 2     
	   5 Input   10 Bit        Muxes := 1     
	   4 Input   10 Bit        Muxes := 1     
	   5 Input    8 Bit        Muxes := 2     
	   2 Input    8 Bit        Muxes := 4     
	   2 Input    7 Bit        Muxes := 4     
	   8 Input    7 Bit        Muxes := 4     
	   4 Input    7 Bit        Muxes := 1     
	   8 Input    6 Bit        Muxes := 1     
	   7 Input    6 Bit        Muxes := 4     
	   2 Input    6 Bit        Muxes := 2     
	   2 Input    5 Bit        Muxes := 7     
	   7 Input    5 Bit        Muxes := 2     
	   2 Input    4 Bit        Muxes := 11    
	   5 Input    4 Bit        Muxes := 1     
	   3 Input    4 Bit        Muxes := 1     
	   4 Input    4 Bit        Muxes := 1     
	   6 Input    4 Bit        Muxes := 1     
	   7 Input    4 Bit        Muxes := 1     
	  11 Input    4 Bit        Muxes := 3     
	   5 Input    3 Bit        Muxes := 2     
	   2 Input    3 Bit        Muxes := 681   
	   4 Input    3 Bit        Muxes := 1     
	   6 Input    3 Bit        Muxes := 1     
	   7 Input    3 Bit        Muxes := 1     
	   2 Input    2 Bit        Muxes := 2     
	   2 Input    1 Bit        Muxes := 1660  
	   4 Input    1 Bit        Muxes := 936   
	   5 Input    1 Bit        Muxes := 941   
	   3 Input    1 Bit        Muxes := 1     
	   6 Input    1 Bit        Muxes := 1     
	   7 Input    1 Bit        Muxes := 2     
---------------------------------------------------------------------------------
Finished RTL Component Statistics 
---------------------------------------------------------------------------------
---------------------------------------------------------------------------------
Start Part Resource Summary
---------------------------------------------------------------------------------
Part Resources:
DSPs: 90 (col length:60)
BRAMs: 100 (col length: RAMB18 60 RAMB36 30)
---------------------------------------------------------------------------------
Finished Part Resource Summary
---------------------------------------------------------------------------------
---------------------------------------------------------------------------------
Start Cross Boundary and Area Optimization
---------------------------------------------------------------------------------
INFO: [Synth 8-3333] propagating constant 0 across sequential element (\neighbor_step_reg[2] )
INFO: [Synth 8-3886] merging instance 'cur_c_reg[5]' (FDE) to 'cur_r_reg[31]'
INFO: [Synth 8-3886] merging instance 'cur_c_reg[6]' (FDE) to 'cur_r_reg[31]'
INFO: [Synth 8-3886] merging instance 'cur_c_reg[7]' (FDE) to 'cur_r_reg[31]'
INFO: [Synth 8-3886] merging instance 'cur_c_reg[8]' (FDE) to 'cur_r_reg[31]'
INFO: [Synth 8-3886] merging instance 'cur_c_reg[9]' (FDE) to 'cur_r_reg[31]'
INFO: [Synth 8-3886] merging instance 'cur_c_reg[10]' (FDE) to 'cur_r_reg[31]'
INFO: [Synth 8-3886] merging instance 'cur_c_reg[11]' (FDE) to 'cur_r_reg[31]'
INFO: [Synth 8-3886] merging instance 'cur_c_reg[12]' (FDE) to 'cur_r_reg[31]'
INFO: [Synth 8-3886] merging instance 'cur_c_reg[13]' (FDE) to 'cur_r_reg[31]'
INFO: [Synth 8-3886] merging instance 'cur_c_reg[14]' (FDE) to 'cur_r_reg[31]'
INFO: [Synth 8-3886] merging instance 'cur_c_reg[15]' (FDE) to 'cur_r_reg[31]'
INFO: [Synth 8-3886] merging instance 'cur_c_reg[16]' (FDE) to 'cur_r_reg[31]'
INFO: [Synth 8-3886] merging instance 'cur_c_reg[17]' (FDE) to 'cur_r_reg[31]'
INFO: [Synth 8-3886] merging instance 'cur_c_reg[18]' (FDE) to 'cur_r_reg[31]'
INFO: [Synth 8-3886] merging instance 'cur_c_reg[19]' (FDE) to 'cur_r_reg[31]'
INFO: [Synth 8-3886] merging instance 'cur_c_reg[20]' (FDE) to 'cur_r_reg[31]'
INFO: [Synth 8-3886] merging instance 'cur_c_reg[21]' (FDE) to 'cur_r_reg[31]'
INFO: [Synth 8-3886] merging instance 'cur_c_reg[22]' (FDE) to 'cur_r_reg[31]'
INFO: [Synth 8-3886] merging instance 'cur_c_reg[23]' (FDE) to 'cur_r_reg[31]'
INFO: [Synth 8-3886] merging instance 'cur_c_reg[24]' (FDE) to 'cur_r_reg[31]'
INFO: [Synth 8-3886] merging instance 'cur_c_reg[25]' (FDE) to 'cur_r_reg[31]'
INFO: [Synth 8-3886] merging instance 'cur_c_reg[26]' (FDE) to 'cur_r_reg[31]'
INFO: [Synth 8-3886] merging instance 'cur_c_reg[27]' (FDE) to 'cur_r_reg[31]'
INFO: [Synth 8-3886] merging instance 'cur_c_reg[28]' (FDE) to 'cur_r_reg[31]'
INFO: [Synth 8-3886] merging instance 'cur_c_reg[29]' (FDE) to 'cur_r_reg[31]'
INFO: [Synth 8-3886] merging instance 'cur_c_reg[30]' (FDE) to 'cur_r_reg[31]'
INFO: [Synth 8-3886] merging instance 'cur_c_reg[31]' (FDE) to 'cur_r_reg[31]'
INFO: [Synth 8-3886] merging instance 'cur_r_reg[5]' (FDE) to 'cur_r_reg[31]'
INFO: [Synth 8-3886] merging instance 'cur_r_reg[6]' (FDE) to 'cur_r_reg[31]'
INFO: [Synth 8-3886] merging instance 'cur_r_reg[7]' (FDE) to 'cur_r_reg[31]'
INFO: [Synth 8-3886] merging instance 'cur_r_reg[8]' (FDE) to 'cur_r_reg[31]'
INFO: [Synth 8-3886] merging instance 'cur_r_reg[9]' (FDE) to 'cur_r_reg[31]'
INFO: [Synth 8-3886] merging instance 'cur_r_reg[10]' (FDE) to 'cur_r_reg[31]'
INFO: [Synth 8-3886] merging instance 'cur_r_reg[11]' (FDE) to 'cur_r_reg[31]'
INFO: [Synth 8-3886] merging instance 'cur_r_reg[12]' (FDE) to 'cur_r_reg[31]'
INFO: [Synth 8-3886] merging instance 'cur_r_reg[13]' (FDE) to 'cur_r_reg[31]'
INFO: [Synth 8-3886] merging instance 'cur_r_reg[14]' (FDE) to 'cur_r_reg[31]'
INFO: [Synth 8-3886] merging instance 'cur_r_reg[15]' (FDE) to 'cur_r_reg[31]'
INFO: [Synth 8-3886] merging instance 'cur_r_reg[16]' (FDE) to 'cur_r_reg[31]'
INFO: [Synth 8-3886] merging instance 'cur_r_reg[17]' (FDE) to 'cur_r_reg[31]'
INFO: [Synth 8-3886] merging instance 'cur_r_reg[18]' (FDE) to 'cur_r_reg[31]'
INFO: [Synth 8-3886] merging instance 'cur_r_reg[19]' (FDE) to 'cur_r_reg[31]'
INFO: [Synth 8-3886] merging instance 'cur_r_reg[20]' (FDE) to 'cur_r_reg[31]'
INFO: [Synth 8-3886] merging instance 'cur_r_reg[21]' (FDE) to 'cur_r_reg[31]'
INFO: [Synth 8-3886] merging instance 'cur_r_reg[22]' (FDE) to 'cur_r_reg[31]'
INFO: [Synth 8-3886] merging instance 'cur_r_reg[23]' (FDE) to 'cur_r_reg[31]'
INFO: [Synth 8-3886] merging instance 'cur_r_reg[24]' (FDE) to 'cur_r_reg[31]'
INFO: [Synth 8-3886] merging instance 'cur_r_reg[25]' (FDE) to 'cur_r_reg[31]'
INFO: [Synth 8-3886] merging instance 'cur_r_reg[26]' (FDE) to 'cur_r_reg[31]'
INFO: [Synth 8-3886] merging instance 'cur_r_reg[27]' (FDE) to 'cur_r_reg[31]'
INFO: [Synth 8-3886] merging instance 'cur_r_reg[28]' (FDE) to 'cur_r_reg[31]'
INFO: [Synth 8-3886] merging instance 'cur_r_reg[29]' (FDE) to 'cur_r_reg[31]'
INFO: [Synth 8-3886] merging instance 'cur_r_reg[30]' (FDE) to 'cur_r_reg[31]'
INFO: [Synth 8-3333] propagating constant 0 across sequential element (\cur_r_reg[31] )
INFO: [Synth 8-5546] ROM "select_module/TOTAL_TRIES1" won't be mapped to RAM because it is too sparse
INFO: [Synth 8-5587] ROM size for "p_0_out" is below threshold of ROM address width. It will be mapped to LUTs
INFO: [Synth 8-5546] ROM "select_module/TOTAL_TRIES1" won't be mapped to RAM because it is too sparse
INFO: [Synth 8-5587] ROM size for "p_0_out" is below threshold of ROM address width. It will be mapped to LUTs
INFO: [Synth 8-5544] ROM "leds_set_module/" won't be mapped to Block RAM because address size (3) smaller than threshold (5)
WARNING: [Synth 8-3917] design FloodIt__GC0 has port led[10] driven by constant 0
WARNING: [Synth 8-3917] design FloodIt__GC0 has port led[9] driven by constant 0
WARNING: [Synth 8-3917] design FloodIt__GC0 has port led[8] driven by constant 0
WARNING: [Synth 8-3917] design FloodIt__GC0 has port led[2] driven by constant 1
WARNING: [Synth 8-3917] design FloodIt__GC0 has port led[1] driven by constant 1
WARNING: [Synth 8-3917] design FloodIt__GC0 has port led[0] driven by constant 1
INFO: [Synth 8-3886] merging instance 'select_module/TOTAL_TRIES_reg[7]' (FDRE) to 'select_module/TOTAL_TRIES_reg[6]'
INFO: [Synth 8-3333] propagating constant 0 across sequential element (\select_module/TOTAL_TRIES_reg[6] )
INFO: [Synth 8-3333] propagating constant 0 across sequential element (\select_module/SIZE_reg[0] )
INFO: [Synth 8-3333] propagating constant 0 across sequential element (\select_module/final_SIZE_reg[0] )
---------------------------------------------------------------------------------
Finished Cross Boundary and Area Optimization : Time (s): cpu = 00:02:37 ; elapsed = 00:03:43 . Memory (MB): peak = 2113.832 ; gain = 1428.762
---------------------------------------------------------------------------------
---------------------------------------------------------------------------------
Start Applying XDC Timing Constraints
---------------------------------------------------------------------------------
---------------------------------------------------------------------------------
Finished Applying XDC Timing Constraints : Time (s): cpu = 00:02:44 ; elapsed = 00:03:56 . Memory (MB): peak = 2113.832 ; gain = 1428.762
---------------------------------------------------------------------------------
---------------------------------------------------------------------------------
Start Timing Optimization
---------------------------------------------------------------------------------
---------------------------------------------------------------------------------
Finished Timing Optimization : Time (s): cpu = 00:02:47 ; elapsed = 00:04:01 . Memory (MB): peak = 2113.832 ; gain = 1428.762
---------------------------------------------------------------------------------
---------------------------------------------------------------------------------
Start Technology Mapping
---------------------------------------------------------------------------------
---------------------------------------------------------------------------------
Finished Technology Mapping : Time (s): cpu = 00:02:49 ; elapsed = 00:04:14 . Memory (MB): peak = 2113.832 ; gain = 1428.762
---------------------------------------------------------------------------------
---------------------------------------------------------------------------------
Start IO Insertion
---------------------------------------------------------------------------------
---------------------------------------------------------------------------------
Start Flattening Before IO Insertion
---------------------------------------------------------------------------------
---------------------------------------------------------------------------------
Finished Flattening Before IO Insertion
---------------------------------------------------------------------------------
---------------------------------------------------------------------------------
Start Final Netlist Cleanup
---------------------------------------------------------------------------------
---------------------------------------------------------------------------------
Finished Final Netlist Cleanup
---------------------------------------------------------------------------------
---------------------------------------------------------------------------------
Finished IO Insertion : Time (s): cpu = 00:02:55 ; elapsed = 00:04:23 . Memory (MB): peak = 2158.551 ; gain = 1473.480
---------------------------------------------------------------------------------
---------------------------------------------------------------------------------
Start Renaming Generated Instances
---------------------------------------------------------------------------------
---------------------------------------------------------------------------------
Finished Renaming Generated Instances : Time (s): cpu = 00:02:56 ; elapsed = 00:04:23 . Memory (MB): peak = 2158.551 ; gain = 1473.480
---------------------------------------------------------------------------------
---------------------------------------------------------------------------------
Start Rebuilding User Hierarchy
---------------------------------------------------------------------------------
---------------------------------------------------------------------------------
Finished Rebuilding User Hierarchy : Time (s): cpu = 00:02:57 ; elapsed = 00:04:24 . Memory (MB): peak = 2158.551 ; gain = 1473.480
---------------------------------------------------------------------------------
---------------------------------------------------------------------------------
Start Renaming Generated Ports
---------------------------------------------------------------------------------
---------------------------------------------------------------------------------
Finished Renaming Generated Ports : Time (s): cpu = 00:02:57 ; elapsed = 00:04:24 . Memory (MB): peak = 2158.551 ; gain = 1473.480
---------------------------------------------------------------------------------
---------------------------------------------------------------------------------
Start Handling Custom Attributes
---------------------------------------------------------------------------------
---------------------------------------------------------------------------------
Finished Handling Custom Attributes : Time (s): cpu = 00:03:02 ; elapsed = 00:04:30 . Memory (MB): peak = 2158.551 ; gain = 1473.480
---------------------------------------------------------------------------------
---------------------------------------------------------------------------------
Start Renaming Generated Nets
---------------------------------------------------------------------------------
---------------------------------------------------------------------------------
Finished Renaming Generated Nets : Time (s): cpu = 00:03:02 ; elapsed = 00:04:30 . Memory (MB): peak = 2158.551 ; gain = 1473.480
---------------------------------------------------------------------------------
---------------------------------------------------------------------------------
Start Writing Synthesis Report
---------------------------------------------------------------------------------

Report BlackBoxes: 
+-+--------------+----------+
| |BlackBox name |Instances |
+-+--------------+----------+
+-+--------------+----------+

Report Cell Usage: 
+------+-------+------+
|      |Cell   |Count |
+------+-------+------+
|1     |BUFG   |     3|
|2     |CARRY4 |   354|
|3     |LUT1   |    68|
|4     |LUT2   |   867|
|5     |LUT3   |  2131|
|6     |LUT4   |  2913|
|7     |LUT5   |  2312|
|8     |LUT6   |  5726|
|9     |MUXF7  |   904|
|10    |MUXF8  |   379|
|11    |FDRE   |  7090|
|12    |FDSE   |     3|
|13    |LD     |     5|
|14    |IBUF   |    22|
|15    |OBUF   |    41|
+------+-------+------+
---------------------------------------------------------------------------------
Finished Writing Synthesis Report : Time (s): cpu = 00:03:02 ; elapsed = 00:04:30 . Memory (MB): peak = 2158.551 ; gain = 1473.480
---------------------------------------------------------------------------------
Synthesis finished with 0 errors, 0 critical warnings and 8 warnings.
Synthesis Optimization Runtime : Time (s): cpu = 00:02:20 ; elapsed = 00:04:19 . Memory (MB): peak = 2158.551 ; gain = 1389.520
Synthesis Optimization Complete : Time (s): cpu = 00:03:02 ; elapsed = 00:04:31 . Memory (MB): peak = 2158.551 ; gain = 1473.480
INFO: [Project 1-571] Translating synthesized netlist
Netlist sorting complete. Time (s): cpu = 00:00:00 ; elapsed = 00:00:00.256 . Memory (MB): peak = 2176.332 ; gain = 0.000
INFO: [Netlist 29-17] Analyzing 1642 Unisim elements for replacement
INFO: [Netlist 29-28] Unisim Transformation completed in 0 CPU seconds
INFO: [Project 1-570] Preparing netlist for logic optimization
INFO: [Opt 31-138] Pushed 0 inverter(s) to 0 load pin(s).
Netlist sorting complete. Time (s): cpu = 00:00:00 ; elapsed = 00:00:00.013 . Memory (MB): peak = 2183.992 ; gain = 0.000
INFO: [Project 1-111] Unisim Transformation Summary:
  A total of 5 instances were transformed.
  LD => LDCE: 5 instances

Synth Design complete | Checksum: d42e5865
INFO: [Common 17-83] Releasing license: Synthesis
128 Infos, 34 Warnings, 0 Critical Warnings and 0 Errors encountered.
synth_design completed successfully
synth_design: Time (s): cpu = 00:03:07 ; elapsed = 00:04:40 . Memory (MB): peak = 2183.992 ; gain = 1686.316
Write ShapeDB Complete: Time (s): cpu = 00:00:00 ; elapsed = 00:00:00.043 . Memory (MB): peak = 2183.992 ; gain = 0.000
INFO: [Common 17-1381] The checkpoint 'C:/Users/rdo15/OneDrive/Desktop/FloodItProjectGithub/M152A_Flood_It/project_1/project_1.runs/synth_1/FloodIt.dcp' has been generated.
INFO: [Vivado 12-24828] Executing command : report_utilization -file FloodIt_utilization_synth.rpt -pb FloodIt_utilization_synth.pb
INFO: [Common 17-206] Exiting Vivado at Fri Dec  5 11:31:14 2025...
