Copyright 1986-2022 Xilinx, Inc. All Rights Reserved. Copyright 2022-2025 Advanced Micro Devices, Inc. All Rights Reserved.
---------------------------------------------------------------------------------------------------------------------------------------------
| Tool Version : Vivado v.2025.1 (win64) Build 6140274 Thu May 22 00:12:29 MDT 2025
| Date         : Fri Dec  5 09:43:25 2025
| Host         : computerUwU running 64-bit major release  (build 9200)
| Command      : report_control_sets -verbose -file FloodIt_control_sets_placed.rpt
| Design       : FloodIt
| Device       : xc7a35t
---------------------------------------------------------------------------------------------------------------------------------------------

Control Set Information

Table of Contents
-----------------
1. Summary
2. Histogram
3. Flip-Flop Distribution
4. Detailed Control Set Information

1. Summary
----------

+----------------------------------------------------------+-------+
|                          Status                          | Count |
+----------------------------------------------------------+-------+
| Total control sets                                       |   286 |
|    Minimum number of control sets                        |   286 |
|    Addition due to synthesis replication                 |     0 |
|    Addition due to physical synthesis replication        |     0 |
| Unused register locations in slices containing registers |  1625 |
+----------------------------------------------------------+-------+
* Control sets can be merged at opt_design using control_set_merge or merge_equivalent_drivers
** Run report_qor_suggestions for automated merging and remapping suggestions


2. Histogram
------------

+--------------------+-------+
|       Fanout       | Count |
+--------------------+-------+
| Total control sets |   286 |
| >= 0 to < 4        |     6 |
| >= 4 to < 6        |     3 |
| >= 6 to < 8        |     2 |
| >= 8 to < 10       |     6 |
| >= 10 to < 12      |   258 |
| >= 12 to < 14      |     0 |
| >= 14 to < 16      |     1 |
| >= 16              |    10 |
+--------------------+-------+
* Control sets can be remapped at either synth_design or opt_design


3. Flip-Flop Distribution
-------------------------

+--------------+-----------------------+------------------------+-----------------+--------------+
| Clock Enable | Synchronous Set/Reset | Asynchronous Set/Reset | Total Registers | Total Slices |
+--------------+-----------------------+------------------------+-----------------+--------------+
| No           | No                    | No                     |            4151 |         1456 |
| No           | No                    | Yes                    |               0 |            0 |
| No           | Yes                   | No                     |             174 |           45 |
| Yes          | No                    | No                     |            2681 |          935 |
| Yes          | No                    | Yes                    |               0 |            0 |
| Yes          | Yes                   | No                     |             105 |           39 |
+--------------+-----------------------+------------------------+-----------------+--------------+


4. Detailed Control Set Information
-----------------------------------

+-----------------+------------------------------------------+-----------------------------------------+------------------+----------------+--------------+
|   Clock Signal  |               Enable Signal              |             Set/Reset Signal            | Slice Load Count | Bel Load Count | Bels / Slice |
+-----------------+------------------------------------------+-----------------------------------------+------------------+----------------+--------------+
|  clocks/CLOCK_B |                                          |                                         |                1 |              1 |         1.00 |
|  clocks/HZ1000  |                                          | digit_display_module/an[3]_i_1_n_0      |                1 |              1 |         1.00 |
|  clocks/HZ1000  |                                          | select_module/MODE_reg_1                |                1 |              1 |         1.00 |
|  clocks/HZ1000  |                                          |                                         |                2 |              2 |         1.00 |
|  clocks/HZ1000  |                                          | digit_display_module/an[1]_i_1_n_0      |                1 |              2 |         2.00 |
|  clocks/MHZ25   | displayVGA_module/hc[9]_i_1_n_0          | displayVGA_module/vc                    |                1 |              2 |         2.00 |
|  HZ5K_BUFG      | select_module/SIZE[4]_i_1_n_0            |                                         |                2 |              4 |         2.00 |
|  HZ5K_BUFG      | select_module/COLOR_NUM[3]_i_1_n_0       |                                         |                2 |              4 |         2.00 |
|  clk_IBUF_BUFG  |                                          |                                         |                4 |              5 |         1.25 |
|  HZ5K_BUFG      | select_module/TOTAL_TRIES[5]_i_2_n_0     | select_module/TOTAL_TRIES[5]_i_1_n_0    |                4 |              6 |         1.50 |
|  clocks/HZ1000  | digit_display_module/seg0                |                                         |                3 |              7 |         2.33 |
|  clocks/MHZ25   | displayVGA_module/hc[9]_i_1_n_0          |                                         |                3 |              8 |         2.67 |
|  HZ5K_BUFG      | select_module/COLOR_SEL_SIG5_out         | select_module/INITIALIZE_BOARD          |                2 |              8 |         4.00 |
|  HZ5K_BUFG      | select_module/SW7p_0                     |                                         |                3 |              8 |         2.67 |
|  HZ5K_BUFG      | select_module/final_COLOR_NUM[3]_i_1_n_0 |                                         |                3 |              8 |         2.67 |
|  HZ500_BUFG     | generate_board_module/ROW                | generate_board_module/ROW[7]_i_1_n_0    |                4 |              8 |         2.00 |
|  HZ500_BUFG     | generate_board_module/COL                | generate_board_module/COL[7]_i_1_n_0    |                3 |              8 |         2.67 |
|  clocks/MHZ25   |                                          | displayVGA_module/hc[9]_i_1_n_0         |                2 |             10 |         5.00 |
|  HZ500_BUFG     | game_logic_module/queue[99][9]_i_1_n_0   |                                         |                8 |             10 |         1.25 |
|  HZ500_BUFG     | game_logic_module/queue[87][9]_i_1_n_0   |                                         |                2 |             10 |         5.00 |
|  HZ500_BUFG     | game_logic_module/queue[92][9]_i_1_n_0   |                                         |                5 |             10 |         2.00 |
|  HZ500_BUFG     | game_logic_module/queue[9][9]_i_1_n_0    |                                         |                8 |             10 |         1.25 |
|  HZ500_BUFG     | game_logic_module/queue[98][9]_i_1_n_0   |                                         |                2 |             10 |         5.00 |
|  HZ500_BUFG     | game_logic_module/queue[8][9]_i_1_n_0    |                                         |               10 |             10 |         1.00 |
|  HZ500_BUFG     | game_logic_module/queue[94][9]_i_1_n_0   |                                         |                3 |             10 |         3.33 |
|  HZ500_BUFG     | game_logic_module/tail[7]_i_1_n_0        | select_module/BEGIN_GAME_reg_rep__4_4   |                4 |             10 |         2.50 |
|  HZ500_BUFG     | game_logic_module/queue[0][9]_i_2_n_0    | game_logic_module/queue[0][9]_i_1_n_0   |                2 |             10 |         5.00 |
|  HZ500_BUFG     | game_logic_module/queue[106][9]_i_1_n_0  |                                         |                2 |             10 |         5.00 |
|  HZ500_BUFG     | game_logic_module/queue[101][9]_i_1_n_0  |                                         |                2 |             10 |         5.00 |
|  HZ500_BUFG     | game_logic_module/queue[102][9]_i_1_n_0  |                                         |                2 |             10 |         5.00 |
|  HZ500_BUFG     | game_logic_module/queue[100][9]_i_1_n_0  |                                         |                3 |             10 |         3.33 |
|  HZ500_BUFG     | game_logic_module/queue[103][9]_i_1_n_0  |                                         |                3 |             10 |         3.33 |
|  HZ500_BUFG     | game_logic_module/queue[104][9]_i_1_n_0  |                                         |                2 |             10 |         5.00 |
|  HZ500_BUFG     | game_logic_module/queue[105][9]_i_1_n_0  |                                         |                3 |             10 |         3.33 |
|  HZ500_BUFG     | game_logic_module/queue[108][9]_i_1_n_0  |                                         |                3 |             10 |         3.33 |
|  HZ500_BUFG     | game_logic_module/queue[116][9]_i_1_n_0  |                                         |                3 |             10 |         3.33 |
|  HZ500_BUFG     | game_logic_module/queue[10][9]_i_1_n_0   |                                         |                4 |             10 |         2.50 |
|  HZ500_BUFG     | game_logic_module/queue[117][9]_i_1_n_0  |                                         |                3 |             10 |         3.33 |
|  HZ500_BUFG     | game_logic_module/queue[124][9]_i_1_n_0  |                                         |                4 |             10 |         2.50 |
|  HZ500_BUFG     | game_logic_module/queue[125][9]_i_1_n_0  |                                         |                5 |             10 |         2.00 |
|  HZ500_BUFG     | game_logic_module/queue[114][9]_i_1_n_0  |                                         |                3 |             10 |         3.33 |
|  HZ500_BUFG     | game_logic_module/queue[118][9]_i_1_n_0  |                                         |                2 |             10 |         5.00 |
|  HZ500_BUFG     | game_logic_module/queue[119][9]_i_1_n_0  |                                         |                2 |             10 |         5.00 |
|  HZ500_BUFG     | game_logic_module/queue[123][9]_i_1_n_0  |                                         |                3 |             10 |         3.33 |
|  HZ500_BUFG     | game_logic_module/queue[127][9]_i_1_n_0  |                                         |                6 |             10 |         1.67 |
|  HZ500_BUFG     | game_logic_module/queue[122][9]_i_1_n_0  |                                         |                3 |             10 |         3.33 |
|  HZ500_BUFG     | game_logic_module/queue[112][9]_i_1_n_0  |                                         |                4 |             10 |         2.50 |
|  HZ500_BUFG     | game_logic_module/queue[109][9]_i_1_n_0  |                                         |                2 |             10 |         5.00 |
|  HZ500_BUFG     | game_logic_module/queue[107][9]_i_1_n_0  |                                         |                2 |             10 |         5.00 |
|  HZ500_BUFG     | game_logic_module/queue[110][9]_i_1_n_0  |                                         |                2 |             10 |         5.00 |
|  HZ500_BUFG     | game_logic_module/queue[120][9]_i_1_n_0  |                                         |                2 |             10 |         5.00 |
|  HZ500_BUFG     | game_logic_module/queue[121][9]_i_1_n_0  |                                         |                2 |             10 |         5.00 |
|  HZ500_BUFG     | game_logic_module/queue[111][9]_i_1_n_0  |                                         |                2 |             10 |         5.00 |
|  HZ500_BUFG     | game_logic_module/queue[11][9]_i_1_n_0   |                                         |                3 |             10 |         3.33 |
|  HZ500_BUFG     | game_logic_module/queue[113][9]_i_1_n_0  |                                         |                2 |             10 |         5.00 |
|  HZ500_BUFG     | game_logic_module/queue[115][9]_i_1_n_0  |                                         |                2 |             10 |         5.00 |
|  HZ500_BUFG     | game_logic_module/queue[128][9]_i_1_n_0  |                                         |                2 |             10 |         5.00 |
|  HZ500_BUFG     | game_logic_module/queue[126][9]_i_1_n_0  |                                         |                5 |             10 |         2.00 |
|  HZ500_BUFG     | game_logic_module/queue[142][9]_i_1_n_0  |                                         |                5 |             10 |         2.00 |
|  HZ500_BUFG     | game_logic_module/queue[130][9]_i_1_n_0  |                                         |                2 |             10 |         5.00 |
|  HZ500_BUFG     | game_logic_module/queue[12][9]_i_1_n_0   |                                         |                2 |             10 |         5.00 |
|  HZ500_BUFG     | game_logic_module/queue[134][9]_i_1_n_0  |                                         |                2 |             10 |         5.00 |
|  HZ500_BUFG     | game_logic_module/queue[139][9]_i_1_n_0  |                                         |                6 |             10 |         1.67 |
|  HZ500_BUFG     | game_logic_module/queue[145][9]_i_1_n_0  |                                         |                2 |             10 |         5.00 |
|  HZ500_BUFG     | game_logic_module/queue[146][9]_i_1_n_0  |                                         |                2 |             10 |         5.00 |
|  HZ500_BUFG     | game_logic_module/queue[147][9]_i_1_n_0  |                                         |                2 |             10 |         5.00 |
|  HZ500_BUFG     | game_logic_module/queue[151][9]_i_1_n_0  |                                         |                2 |             10 |         5.00 |
|  HZ500_BUFG     | game_logic_module/queue[138][9]_i_1_n_0  |                                         |                2 |             10 |         5.00 |
|  HZ500_BUFG     | game_logic_module/queue[129][9]_i_1_n_0  |                                         |                2 |             10 |         5.00 |
|  HZ500_BUFG     | game_logic_module/queue[13][9]_i_1_n_0   |                                         |                5 |             10 |         2.00 |
|  HZ500_BUFG     | game_logic_module/queue[141][9]_i_1_n_0  |                                         |                3 |             10 |         3.33 |
|  HZ500_BUFG     | game_logic_module/queue[144][9]_i_1_n_0  |                                         |                2 |             10 |         5.00 |
|  HZ500_BUFG     | game_logic_module/queue[152][9]_i_1_n_0  |                                         |                2 |             10 |         5.00 |
|  HZ500_BUFG     | game_logic_module/queue[131][9]_i_1_n_0  |                                         |                2 |             10 |         5.00 |
|  HZ500_BUFG     | game_logic_module/queue[135][9]_i_1_n_0  |                                         |                4 |             10 |         2.50 |
|  HZ500_BUFG     | game_logic_module/queue[136][9]_i_1_n_0  |                                         |                3 |             10 |         3.33 |
|  HZ500_BUFG     | game_logic_module/queue[133][9]_i_1_n_0  |                                         |                4 |             10 |         2.50 |
|  HZ500_BUFG     | game_logic_module/queue[137][9]_i_1_n_0  |                                         |                2 |             10 |         5.00 |
|  HZ500_BUFG     | game_logic_module/queue[143][9]_i_1_n_0  |                                         |                8 |             10 |         1.25 |
|  HZ500_BUFG     | game_logic_module/queue[148][9]_i_1_n_0  |                                         |                2 |             10 |         5.00 |
|  HZ500_BUFG     | game_logic_module/queue[149][9]_i_1_n_0  |                                         |                4 |             10 |         2.50 |
|  HZ500_BUFG     | game_logic_module/queue[14][9]_i_1_n_0   |                                         |                3 |             10 |         3.33 |
|  HZ500_BUFG     | game_logic_module/queue[150][9]_i_1_n_0  |                                         |                2 |             10 |         5.00 |
|  HZ500_BUFG     | game_logic_module/queue[140][9]_i_1_n_0  |                                         |                7 |             10 |         1.43 |
|  HZ500_BUFG     | game_logic_module/queue[132][9]_i_1_n_0  |                                         |                2 |             10 |         5.00 |
|  HZ500_BUFG     | game_logic_module/queue[156][9]_i_1_n_0  |                                         |                3 |             10 |         3.33 |
|  HZ500_BUFG     | game_logic_module/queue[161][9]_i_1_n_0  |                                         |                2 |             10 |         5.00 |
|  HZ500_BUFG     | game_logic_module/queue[166][9]_i_1_n_0  |                                         |                3 |             10 |         3.33 |
|  HZ500_BUFG     | game_logic_module/queue[162][9]_i_1_n_0  |                                         |                2 |             10 |         5.00 |
|  HZ500_BUFG     | game_logic_module/queue[155][9]_i_1_n_0  |                                         |                4 |             10 |         2.50 |
|  HZ500_BUFG     | game_logic_module/queue[165][9]_i_1_n_0  |                                         |                2 |             10 |         5.00 |
|  HZ500_BUFG     | game_logic_module/queue[168][9]_i_1_n_0  |                                         |                3 |             10 |         3.33 |
|  HZ500_BUFG     | game_logic_module/queue[157][9]_i_1_n_0  |                                         |                7 |             10 |         1.43 |
|  HZ500_BUFG     | game_logic_module/queue[173][9]_i_1_n_0  |                                         |                3 |             10 |         3.33 |
|  HZ500_BUFG     | game_logic_module/queue[163][9]_i_1_n_0  |                                         |                3 |             10 |         3.33 |
|  HZ500_BUFG     | game_logic_module/queue[16][9]_i_1_n_0   |                                         |                4 |             10 |         2.50 |
|  HZ500_BUFG     | game_logic_module/queue[167][9]_i_1_n_0  |                                         |                3 |             10 |         3.33 |
|  HZ500_BUFG     | game_logic_module/queue[154][9]_i_1_n_0  |                                         |                4 |             10 |         2.50 |
|  HZ500_BUFG     | game_logic_module/queue[176][9]_i_1_n_0  |                                         |                3 |             10 |         3.33 |
|  HZ500_BUFG     | game_logic_module/queue[159][9]_i_1_n_0  |                                         |                5 |             10 |         2.00 |
|  HZ500_BUFG     | game_logic_module/queue[175][9]_i_1_n_0  |                                         |                8 |             10 |         1.25 |
|  HZ500_BUFG     | game_logic_module/queue[177][9]_i_1_n_0  |                                         |                4 |             10 |         2.50 |
|  HZ500_BUFG     | game_logic_module/queue[170][9]_i_1_n_0  |                                         |                2 |             10 |         5.00 |
|  HZ500_BUFG     | game_logic_module/queue[158][9]_i_1_n_0  |                                         |                8 |             10 |         1.25 |
|  HZ500_BUFG     | game_logic_module/queue[172][9]_i_1_n_0  |                                         |                6 |             10 |         1.67 |
|  HZ500_BUFG     | game_logic_module/queue[169][9]_i_1_n_0  |                                         |                2 |             10 |         5.00 |
|  HZ500_BUFG     | game_logic_module/queue[171][9]_i_1_n_0  |                                         |                5 |             10 |         2.00 |
|  HZ500_BUFG     | game_logic_module/queue[164][9]_i_1_n_0  |                                         |                2 |             10 |         5.00 |
|  HZ500_BUFG     | game_logic_module/queue[174][9]_i_1_n_0  |                                         |                2 |             10 |         5.00 |
|  HZ500_BUFG     | game_logic_module/queue[153][9]_i_1_n_0  |                                         |                2 |             10 |         5.00 |
|  HZ500_BUFG     | game_logic_module/queue[15][9]_i_1_n_0   |                                         |                4 |             10 |         2.50 |
|  HZ500_BUFG     | game_logic_module/queue[160][9]_i_1_n_0  |                                         |                3 |             10 |         3.33 |
|  HZ500_BUFG     | game_logic_module/queue[190][9]_i_1_n_0  |                                         |                3 |             10 |         3.33 |
|  HZ500_BUFG     | game_logic_module/queue[182][9]_i_1_n_0  |                                         |                2 |             10 |         5.00 |
|  HZ500_BUFG     | game_logic_module/queue[196][9]_i_1_n_0  |                                         |                3 |             10 |         3.33 |
|  HZ500_BUFG     | game_logic_module/queue[195][9]_i_1_n_0  |                                         |                2 |             10 |         5.00 |
|  HZ500_BUFG     | game_logic_module/queue[188][9]_i_1_n_0  |                                         |                4 |             10 |         2.50 |
|  HZ500_BUFG     | game_logic_module/queue[198][9]_i_1_n_0  |                                         |                3 |             10 |         3.33 |
|  HZ500_BUFG     | game_logic_module/queue[17][9]_i_1_n_0   |                                         |                6 |             10 |         1.67 |
|  HZ500_BUFG     | game_logic_module/queue[183][9]_i_1_n_0  |                                         |                2 |             10 |         5.00 |
|  HZ500_BUFG     | game_logic_module/queue[189][9]_i_1_n_0  |                                         |                4 |             10 |         2.50 |
|  HZ500_BUFG     | game_logic_module/queue[186][9]_i_1_n_0  |                                         |                4 |             10 |         2.50 |
|  HZ500_BUFG     | game_logic_module/queue[181][9]_i_1_n_0  |                                         |                2 |             10 |         5.00 |
|  HZ500_BUFG     | game_logic_module/queue[192][9]_i_1_n_0  |                                         |                3 |             10 |         3.33 |
|  HZ500_BUFG     | game_logic_module/queue[193][9]_i_1_n_0  |                                         |                3 |             10 |         3.33 |
|  HZ500_BUFG     | game_logic_module/queue[187][9]_i_1_n_0  |                                         |                5 |             10 |         2.00 |
|  HZ500_BUFG     | game_logic_module/queue[18][9]_i_1_n_0   |                                         |                2 |             10 |         5.00 |
|  HZ500_BUFG     | game_logic_module/queue[191][9]_i_1_n_0  |                                         |                8 |             10 |         1.25 |
|  HZ500_BUFG     | game_logic_module/queue[194][9]_i_1_n_0  |                                         |                2 |             10 |         5.00 |
|  HZ500_BUFG     | game_logic_module/queue[178][9]_i_1_n_0  |                                         |                2 |             10 |         5.00 |
|  HZ500_BUFG     | game_logic_module/queue[179][9]_i_1_n_0  |                                         |                3 |             10 |         3.33 |
|  HZ500_BUFG     | game_logic_module/queue[180][9]_i_1_n_0  |                                         |                2 |             10 |         5.00 |
|  HZ500_BUFG     | game_logic_module/queue[185][9]_i_1_n_0  |                                         |                2 |             10 |         5.00 |
|  HZ500_BUFG     | game_logic_module/queue[184][9]_i_1_n_0  |                                         |                2 |             10 |         5.00 |
|  HZ500_BUFG     | game_logic_module/queue[197][9]_i_1_n_0  |                                         |                4 |             10 |         2.50 |
|  HZ500_BUFG     | game_logic_module/queue[205][9]_i_1_n_0  |                                         |                7 |             10 |         1.43 |
|  HZ500_BUFG     | game_logic_module/queue[214][9]_i_1_n_0  |                                         |                2 |             10 |         5.00 |
|  HZ500_BUFG     | game_logic_module/queue[201][9]_i_1_n_0  |                                         |                2 |             10 |         5.00 |
|  HZ500_BUFG     | game_logic_module/queue[216][9]_i_1_n_0  |                                         |                2 |             10 |         5.00 |
|  HZ500_BUFG     | game_logic_module/queue[200][9]_i_1_n_0  |                                         |                4 |             10 |         2.50 |
|  HZ500_BUFG     | game_logic_module/queue[19][9]_i_1_n_0   |                                         |                7 |             10 |         1.43 |
|  HZ500_BUFG     | game_logic_module/queue[215][9]_i_1_n_0  |                                         |                2 |             10 |         5.00 |
|  HZ500_BUFG     | game_logic_module/queue[209][9]_i_1_n_0  |                                         |                3 |             10 |         3.33 |
|  HZ500_BUFG     | game_logic_module/queue[202][9]_i_1_n_0  |                                         |                4 |             10 |         2.50 |
|  HZ500_BUFG     | game_logic_module/queue[199][9]_i_1_n_0  |                                         |                4 |             10 |         2.50 |
|  HZ500_BUFG     | game_logic_module/queue[207][9]_i_1_n_0  |                                         |                7 |             10 |         1.43 |
|  HZ500_BUFG     | game_logic_module/queue[212][9]_i_1_n_0  |                                         |                4 |             10 |         2.50 |
|  HZ500_BUFG     | game_logic_module/queue[213][9]_i_1_n_0  |                                         |                2 |             10 |         5.00 |
|  HZ500_BUFG     | game_logic_module/queue[204][9]_i_1_n_0  |                                         |                2 |             10 |         5.00 |
|  HZ500_BUFG     | game_logic_module/queue[218][9]_i_1_n_0  |                                         |                3 |             10 |         3.33 |
|  HZ500_BUFG     | game_logic_module/queue[210][9]_i_1_n_0  |                                         |                3 |             10 |         3.33 |
|  HZ500_BUFG     | game_logic_module/queue[211][9]_i_1_n_0  |                                         |                3 |             10 |         3.33 |
|  HZ500_BUFG     | game_logic_module/queue[219][9]_i_1_n_0  |                                         |                2 |             10 |         5.00 |
|  HZ500_BUFG     | game_logic_module/queue[21][9]_i_1_n_0   |                                         |                5 |             10 |         2.00 |
|  HZ500_BUFG     | game_logic_module/queue[20][9]_i_1_n_0   |                                         |                4 |             10 |         2.50 |
|  HZ500_BUFG     | game_logic_module/queue[208][9]_i_1_n_0  |                                         |                2 |             10 |         5.00 |
|  HZ500_BUFG     | game_logic_module/queue[217][9]_i_1_n_0  |                                         |                4 |             10 |         2.50 |
|  HZ500_BUFG     | game_logic_module/queue[206][9]_i_1_n_0  |                                         |                7 |             10 |         1.43 |
|  HZ500_BUFG     | game_logic_module/queue[220][9]_i_1_n_0  |                                         |                4 |             10 |         2.50 |
|  HZ500_BUFG     | game_logic_module/queue[221][9]_i_1_n_0  |                                         |                2 |             10 |         5.00 |
|  HZ500_BUFG     | game_logic_module/queue[203][9]_i_1_n_0  |                                         |                4 |             10 |         2.50 |
|  HZ500_BUFG     | game_logic_module/queue[1][9]_i_1_n_0    |                                         |                2 |             10 |         5.00 |
|  HZ500_BUFG     | game_logic_module/queue[225][9]_i_1_n_0  |                                         |                2 |             10 |         5.00 |
|  HZ500_BUFG     | game_logic_module/queue[233][9]_i_1_n_0  |                                         |                2 |             10 |         5.00 |
|  HZ500_BUFG     | game_logic_module/queue[230][9]_i_1_n_0  |                                         |                2 |             10 |         5.00 |
|  HZ500_BUFG     | game_logic_module/queue[226][9]_i_1_n_0  |                                         |                3 |             10 |         3.33 |
|  HZ500_BUFG     | game_logic_module/queue[227][9]_i_1_n_0  |                                         |                2 |             10 |         5.00 |
|  HZ500_BUFG     | game_logic_module/queue[222][9]_i_1_n_0  |                                         |                3 |             10 |         3.33 |
|  HZ500_BUFG     | game_logic_module/queue[228][9]_i_1_n_0  |                                         |                2 |             10 |         5.00 |
|  HZ500_BUFG     | game_logic_module/queue[224][9]_i_1_n_0  |                                         |                3 |             10 |         3.33 |
|  HZ500_BUFG     | game_logic_module/queue[223][9]_i_1_n_0  |                                         |                7 |             10 |         1.43 |
|  HZ500_BUFG     | game_logic_module/queue[231][9]_i_1_n_0  |                                         |                2 |             10 |         5.00 |
|  HZ500_BUFG     | game_logic_module/queue[229][9]_i_1_n_0  |                                         |                3 |             10 |         3.33 |
|  HZ500_BUFG     | game_logic_module/queue[234][9]_i_1_n_0  |                                         |                8 |             10 |         1.25 |
|  HZ500_BUFG     | game_logic_module/queue[22][9]_i_1_n_0   |                                         |                2 |             10 |         5.00 |
|  HZ500_BUFG     | game_logic_module/queue[232][9]_i_1_n_0  |                                         |                5 |             10 |         2.00 |
|  HZ500_BUFG     | game_logic_module/queue[235][9]_i_1_n_0  |                                         |                3 |             10 |         3.33 |
|  HZ500_BUFG     | game_logic_module/queue[246][9]_i_1_n_0  |                                         |                2 |             10 |         5.00 |
|  HZ500_BUFG     | game_logic_module/queue[237][9]_i_1_n_0  |                                         |                5 |             10 |         2.00 |
|  HZ500_BUFG     | game_logic_module/queue[242][9]_i_1_n_0  |                                         |                2 |             10 |         5.00 |
|  HZ500_BUFG     | game_logic_module/queue[243][9]_i_1_n_0  |                                         |                2 |             10 |         5.00 |
|  HZ500_BUFG     | game_logic_module/queue[241][9]_i_1_n_0  |                                         |                5 |             10 |         2.00 |
|  HZ500_BUFG     | game_logic_module/queue[23][9]_i_1_n_0   |                                         |                4 |             10 |         2.50 |
|  HZ500_BUFG     | game_logic_module/queue[245][9]_i_1_n_0  |                                         |                2 |             10 |         5.00 |
|  HZ500_BUFG     | game_logic_module/queue[244][9]_i_1_n_0  |                                         |                5 |             10 |         2.00 |
|  HZ500_BUFG     | game_logic_module/queue[248][9]_i_1_n_0  |                                         |                2 |             10 |         5.00 |
|  HZ500_BUFG     | game_logic_module/queue[236][9]_i_1_n_0  |                                         |                2 |             10 |         5.00 |
|  HZ500_BUFG     | game_logic_module/queue[249][9]_i_1_n_0  |                                         |                3 |             10 |         3.33 |
|  HZ500_BUFG     | game_logic_module/queue[239][9]_i_1_n_0  |                                         |                7 |             10 |         1.43 |
|  HZ500_BUFG     | game_logic_module/queue[240][9]_i_1_n_0  |                                         |                3 |             10 |         3.33 |
|  HZ500_BUFG     | game_logic_module/queue[238][9]_i_1_n_0  |                                         |                8 |             10 |         1.25 |
|  HZ500_BUFG     | game_logic_module/queue[247][9]_i_1_n_0  |                                         |                6 |             10 |         1.67 |
|  HZ500_BUFG     | game_logic_module/queue[24][9]_i_1_n_0   |                                         |                2 |             10 |         5.00 |
|  HZ500_BUFG     | game_logic_module/queue[253][9]_i_1_n_0  |                                         |                6 |             10 |         1.67 |
|  HZ500_BUFG     | game_logic_module/queue[254][9]_i_1_n_0  |                                         |                7 |             10 |         1.43 |
|  HZ500_BUFG     | game_logic_module/queue[27][9]_i_1_n_0   |                                         |                5 |             10 |         2.00 |
|  HZ500_BUFG     | game_logic_module/queue[255][9]_i_1_n_0  |                                         |                5 |             10 |         2.00 |
|  HZ500_BUFG     | game_logic_module/queue[31][9]_i_1_n_0   |                                         |               10 |             10 |         1.00 |
|  HZ500_BUFG     | game_logic_module/queue[35][9]_i_1_n_0   |                                         |                2 |             10 |         5.00 |
|  HZ500_BUFG     | game_logic_module/queue[251][9]_i_1_n_0  |                                         |                4 |             10 |         2.50 |
|  HZ500_BUFG     | game_logic_module/queue[34][9]_i_1_n_0   |                                         |                3 |             10 |         3.33 |
|  HZ500_BUFG     | game_logic_module/queue[36][9]_i_1_n_0   |                                         |                2 |             10 |         5.00 |
|  HZ500_BUFG     | game_logic_module/queue[29][9]_i_1_n_0   |                                         |                5 |             10 |         2.00 |
|  HZ500_BUFG     | game_logic_module/queue[2][9]_i_1_n_0    |                                         |                4 |             10 |         2.50 |
|  HZ500_BUFG     | game_logic_module/queue[26][9]_i_1_n_0   |                                         |                2 |             10 |         5.00 |
|  HZ500_BUFG     | game_logic_module/queue[252][9]_i_1_n_0  |                                         |                2 |             10 |         5.00 |
|  HZ500_BUFG     | game_logic_module/queue[33][9]_i_1_n_0   |                                         |                4 |             10 |         2.50 |
|  HZ500_BUFG     | game_logic_module/queue[250][9]_i_1_n_0  |                                         |                6 |             10 |         1.67 |
|  HZ500_BUFG     | game_logic_module/queue[38][9]_i_1_n_0   |                                         |                2 |             10 |         5.00 |
|  HZ500_BUFG     | game_logic_module/queue[39][9]_i_1_n_0   |                                         |                2 |             10 |         5.00 |
|  HZ500_BUFG     | game_logic_module/queue[37][9]_i_1_n_0   |                                         |                5 |             10 |         2.00 |
|  HZ500_BUFG     | game_logic_module/queue[3][9]_i_1_n_0    |                                         |                2 |             10 |         5.00 |
|  HZ500_BUFG     | game_logic_module/queue[40][9]_i_1_n_0   |                                         |                2 |             10 |         5.00 |
|  HZ500_BUFG     | game_logic_module/queue[25][9]_i_1_n_0   |                                         |                4 |             10 |         2.50 |
|  HZ500_BUFG     | game_logic_module/queue[30][9]_i_1_n_0   |                                         |                4 |             10 |         2.50 |
|  HZ500_BUFG     | game_logic_module/queue[32][9]_i_1_n_0   |                                         |                3 |             10 |         3.33 |
|  HZ500_BUFG     | game_logic_module/queue[28][9]_i_1_n_0   |                                         |                6 |             10 |         1.67 |
|  HZ500_BUFG     | game_logic_module/queue[42][9]_i_1_n_0   |                                         |                2 |             10 |         5.00 |
|  HZ500_BUFG     | game_logic_module/queue[49][9]_i_1_n_0   |                                         |                2 |             10 |         5.00 |
|  HZ500_BUFG     | game_logic_module/queue[47][9]_i_1_n_0   |                                         |                7 |             10 |         1.43 |
|  HZ500_BUFG     | game_logic_module/queue[46][9]_i_1_n_0   |                                         |                5 |             10 |         2.00 |
|  HZ500_BUFG     | game_logic_module/queue[4][9]_i_1_n_0    |                                         |                3 |             10 |         3.33 |
|  HZ500_BUFG     | game_logic_module/queue[50][9]_i_1_n_0   |                                         |                2 |             10 |         5.00 |
|  HZ500_BUFG     | game_logic_module/queue[51][9]_i_1_n_0   |                                         |                4 |             10 |         2.50 |
|  HZ500_BUFG     | game_logic_module/queue[41][9]_i_1_n_0   |                                         |                5 |             10 |         2.00 |
|  HZ500_BUFG     | game_logic_module/queue[56][9]_i_1_n_0   |                                         |                2 |             10 |         5.00 |
|  HZ500_BUFG     | game_logic_module/queue[59][9]_i_1_n_0   |                                         |                4 |             10 |         2.50 |
|  HZ500_BUFG     | game_logic_module/queue[60][9]_i_1_n_0   |                                         |                3 |             10 |         3.33 |
|  HZ500_BUFG     | game_logic_module/queue[61][9]_i_1_n_0   |                                         |                4 |             10 |         2.50 |
|  HZ500_BUFG     | game_logic_module/queue[55][9]_i_1_n_0   |                                         |                3 |             10 |         3.33 |
|  HZ500_BUFG     | game_logic_module/queue[53][9]_i_1_n_0   |                                         |                3 |             10 |         3.33 |
|  HZ500_BUFG     | game_logic_module/queue[57][9]_i_1_n_0   |                                         |                2 |             10 |         5.00 |
|  HZ500_BUFG     | game_logic_module/queue[43][9]_i_1_n_0   |                                         |                2 |             10 |         5.00 |
|  HZ500_BUFG     | game_logic_module/queue[5][9]_i_1_n_0    |                                         |                2 |             10 |         5.00 |
|  HZ500_BUFG     | game_logic_module/queue[52][9]_i_1_n_0   |                                         |                2 |             10 |         5.00 |
|  HZ500_BUFG     | game_logic_module/queue[54][9]_i_1_n_0   |                                         |                2 |             10 |         5.00 |
|  HZ500_BUFG     | game_logic_module/queue[45][9]_i_1_n_0   |                                         |                3 |             10 |         3.33 |
|  HZ500_BUFG     | game_logic_module/queue[58][9]_i_1_n_0   |                                         |                3 |             10 |         3.33 |
|  HZ500_BUFG     | game_logic_module/queue[48][9]_i_1_n_0   |                                         |                3 |             10 |         3.33 |
|  HZ500_BUFG     | game_logic_module/queue[62][9]_i_1_n_0   |                                         |                4 |             10 |         2.50 |
|  HZ500_BUFG     | game_logic_module/queue[44][9]_i_1_n_0   |                                         |                4 |             10 |         2.50 |
|  HZ500_BUFG     | game_logic_module/queue[6][9]_i_1_n_0    |                                         |                3 |             10 |         3.33 |
|  HZ500_BUFG     | game_logic_module/queue[71][9]_i_1_n_0   |                                         |                5 |             10 |         2.00 |
|  HZ500_BUFG     | game_logic_module/queue[73][9]_i_1_n_0   |                                         |                2 |             10 |         5.00 |
|  HZ500_BUFG     | game_logic_module/queue[65][9]_i_1_n_0   |                                         |                3 |             10 |         3.33 |
|  HZ500_BUFG     | game_logic_module/queue[78][9]_i_1_n_0   |                                         |                5 |             10 |         2.00 |
|  HZ500_BUFG     | game_logic_module/queue[67][9]_i_1_n_0   |                                         |                2 |             10 |         5.00 |
|  HZ500_BUFG     | game_logic_module/queue[70][9]_i_1_n_0   |                                         |                3 |             10 |         3.33 |
|  HZ500_BUFG     | game_logic_module/queue[75][9]_i_1_n_0   |                                         |                4 |             10 |         2.50 |
|  HZ500_BUFG     | game_logic_module/queue[77][9]_i_1_n_0   |                                         |                2 |             10 |         5.00 |
|  HZ500_BUFG     | game_logic_module/queue[68][9]_i_1_n_0   |                                         |                2 |             10 |         5.00 |
|  HZ500_BUFG     | game_logic_module/queue[81][9]_i_1_n_0   |                                         |                6 |             10 |         1.67 |
|  HZ500_BUFG     | game_logic_module/queue[82][9]_i_1_n_0   |                                         |                4 |             10 |         2.50 |
|  HZ500_BUFG     | game_logic_module/queue[83][9]_i_1_n_0   |                                         |                4 |             10 |         2.50 |
|  HZ500_BUFG     | game_logic_module/queue[72][9]_i_1_n_0   |                                         |                2 |             10 |         5.00 |
|  HZ500_BUFG     | game_logic_module/queue[74][9]_i_1_n_0   |                                         |                2 |             10 |         5.00 |
|  HZ500_BUFG     | game_logic_module/queue[63][9]_i_1_n_0   |                                         |                6 |             10 |         1.67 |
|  HZ500_BUFG     | game_logic_module/queue[69][9]_i_1_n_0   |                                         |                2 |             10 |         5.00 |
|  HZ500_BUFG     | game_logic_module/queue[7][9]_i_1_n_0    |                                         |                5 |             10 |         2.00 |
|  HZ500_BUFG     | game_logic_module/queue[80][9]_i_1_n_0   |                                         |                2 |             10 |         5.00 |
|  HZ500_BUFG     | game_logic_module/queue[84][9]_i_1_n_0   |                                         |                3 |             10 |         3.33 |
|  HZ500_BUFG     | game_logic_module/queue[76][9]_i_1_n_0   |                                         |                4 |             10 |         2.50 |
|  HZ500_BUFG     | game_logic_module/queue[86][9]_i_1_n_0   |                                         |                2 |             10 |         5.00 |
|  HZ500_BUFG     | game_logic_module/queue[66][9]_i_1_n_0   |                                         |                2 |             10 |         5.00 |
|  HZ500_BUFG     | game_logic_module/queue[79][9]_i_1_n_0   |                                         |                7 |             10 |         1.43 |
|  HZ500_BUFG     | game_logic_module/queue[64][9]_i_1_n_0   |                                         |                2 |             10 |         5.00 |
|  HZ500_BUFG     | game_logic_module/queue[85][9]_i_1_n_0   |                                         |                5 |             10 |         2.00 |
|  HZ500_BUFG     | game_logic_module/queue[89][9]_i_1_n_0   |                                         |                2 |             10 |         5.00 |
|  HZ500_BUFG     | game_logic_module/queue[97][9]_i_1_n_0   |                                         |                5 |             10 |         2.00 |
|  HZ500_BUFG     | game_logic_module/queue[90][9]_i_1_n_0   |                                         |                4 |             10 |         2.50 |
|  HZ500_BUFG     | game_logic_module/queue[91][9]_i_1_n_0   |                                         |                5 |             10 |         2.00 |
|  HZ500_BUFG     | game_logic_module/queue[93][9]_i_1_n_0   |                                         |                7 |             10 |         1.43 |
|  HZ500_BUFG     | game_logic_module/queue[88][9]_i_1_n_0   |                                         |                4 |             10 |         2.50 |
|  HZ500_BUFG     | game_logic_module/queue[95][9]_i_1_n_0   |                                         |                8 |             10 |         1.25 |
|  HZ500_BUFG     | game_logic_module/queue[96][9]_i_1_n_0   |                                         |                3 |             10 |         3.33 |
|  HZ500_BUFG     | generate_board_module/running09_out      | generate_board_module/R[13]_i_1_n_0     |                9 |             15 |         1.67 |
|  HZ500_BUFG     | game_logic_module/head                   | select_module/BEGIN_GAME_reg_rep__4_4   |                5 |             18 |         3.60 |
|  HZ500_BUFG     | game_logic_module/anim_timer             | game_logic_module/anim_timer[0]_i_1_n_0 |                5 |             20 |         4.00 |
|  clk_IBUF_BUFG  |                                          | clocks/HZ1000_COUNT1_carry__3_n_7       |                8 |             32 |         4.00 |
|  clk_IBUF_BUFG  |                                          | clocks/HZ500_COUNT1_carry__3_n_7        |                8 |             32 |         4.00 |
|  clk_IBUF_BUFG  |                                          | clocks/HZ5K_COUNT1_carry__3_n_7         |                8 |             32 |         4.00 |
|  clk_IBUF_BUFG  |                                          | clocks/MHZ25_COUNT1_carry__3_n_7        |                8 |             32 |         4.00 |
|  clk_IBUF_BUFG  |                                          | clocks/clear                            |                8 |             32 |         4.00 |
|  HZ5K_BUFG      |                                          |                                         |               14 |             35 |         2.50 |
|  HZ500_BUFG     | game_logic_module/cur_r__0               |                                         |               31 |             92 |         2.97 |
|  HZ500_BUFG     |                                          |                                         |             1435 |           4108 |         2.86 |
+-----------------+------------------------------------------+-----------------------------------------+------------------+----------------+--------------+


